#
# There is insufficient memory for the Java Runtime Environment to continue.
# Native memory allocation (malloc) failed to allocate 978896 bytes for Chunk::new
# Possible reasons:
#   The system is out of physical RAM or swap space
#   In 32 bit mode, the process size limit was hit
# Possible solutions:
#   Reduce memory load on the system
#   Increase physical memory or swap space
#   Check if swap backing store is full
#   Use 64 bit Java on a 64 bit OS
#   Decrease Java heap size (-Xmx/-Xms)
#   Decrease number of Java threads
#   Decrease Java thread stack sizes (-Xss)
#   Set larger code cache with -XX:ReservedCodeCacheSize=
# This output file may be truncated or incomplete.
#
#  Out of Memory Error (allocation.cpp:390), pid=3964, tid=1408
#
# JRE version: Java(TM) SE Runtime Environment (8.0_31-b13) (build 1.8.0_31-b13)
# Java VM: Java HotSpot(TM) 64-Bit Server VM (25.31-b07 mixed mode windows-amd64 compressed oops)
# Failed to write core dump. Minidumps are not enabled by default on client versions of Windows
#

---------------  T H R E A D  ---------------

Current thread (0x000000001502f000):  JavaThread "C2 CompilerThread1" daemon [_thread_in_native, id=1408, stack(0x0000000016680000,0x0000000016780000)]

Stack: [0x0000000016680000,0x0000000016780000]
Native frames: (J=compiled Java code, j=interpreted, Vv=VM code, C=native code)
V  [jvm.dll+0x3169ba]


Current CompileTask:
C2:   6158 1849       4       com.android.dx.dex.code.OutputFinisher::addConstants (93 bytes)


---------------  P R O C E S S  ---------------

Java Threads: ( => current thread )
  0x0000000016cf3000 JavaThread "pool-1-thread-1" [_thread_in_vm, id=4676, stack(0x0000000016e80000,0x0000000016f80000)]
  0x0000000015036000 JavaThread "Service Thread" daemon [_thread_blocked, id=3472, stack(0x0000000016880000,0x0000000016980000)]
  0x0000000015032000 JavaThread "C1 CompilerThread2" daemon [_thread_blocked, id=3056, stack(0x0000000016780000,0x0000000016880000)]
=>0x000000001502f000 JavaThread "C2 CompilerThread1" daemon [_thread_in_native, id=1408, stack(0x0000000016680000,0x0000000016780000)]
  0x000000001502d000 JavaThread "C2 CompilerThread0" daemon [_thread_in_native, id=4300, stack(0x0000000016580000,0x0000000016680000)]
  0x000000001502a800 JavaThread "Attach Listener" daemon [_thread_blocked, id=3144, stack(0x0000000016480000,0x0000000016580000)]
  0x0000000015029000 JavaThread "Signal Dispatcher" daemon [_thread_blocked, id=4232, stack(0x0000000016380000,0x0000000016480000)]
  0x0000000014ff8800 JavaThread "Finalizer" daemon [_thread_blocked, id=1312, stack(0x0000000016280000,0x0000000016380000)]
  0x000000000256d800 JavaThread "Reference Handler" daemon [_thread_blocked, id=4660, stack(0x0000000016180000,0x0000000016280000)]
  0x0000000002480800 JavaThread "main" [_thread_blocked, id=5016, stack(0x0000000002320000,0x0000000002420000)]

Other Threads:
  0x0000000014ff6000 VMThread [stack: 0x0000000016080000,0x0000000016180000] [id=616]
  0x0000000015039000 WatcherThread [stack: 0x0000000016980000,0x0000000016a80000] [id=2928]

VM state:not at safepoint (normal execution)

VM Mutex/Monitor currently owned by a thread: None

Heap:
 PSYoungGen      total 47104K, used 30361K [0x00000000eab00000, 0x00000000edc80000, 0x0000000100000000)
  eden space 43520K, 61% used [0x00000000eab00000,0x00000000ec52c158,0x00000000ed580000)
  from space 3584K, 99% used [0x00000000ed580000,0x00000000ed8fa5b8,0x00000000ed900000)
  to   space 3584K, 0% used [0x00000000ed900000,0x00000000ed900000,0x00000000edc80000)
 ParOldGen       total 35328K, used 15528K [0x00000000c0000000, 0x00000000c2280000, 0x00000000eab00000)
  object space 35328K, 43% used [0x00000000c0000000,0x00000000c0f2a210,0x00000000c2280000)
 Metaspace       used 6323K, capacity 7216K, committed 7296K, reserved 1060864K
  class space    used 596K, capacity 616K, committed 640K, reserved 1048576K

Card table byte_map: [0x0000000011d20000,0x0000000011f30000] byte_map_base: 0x0000000011720000

Marking Bits: (ParMarkBitMap*) 0x00000000523cd4f0
 Begin Bits: [0x0000000012490000, 0x0000000013490000)
 End Bits:   [0x0000000013490000, 0x0000000014490000)

Polling page: 0x0000000002420000

CodeCache: size=245760Kb used=7351Kb max_used=7351Kb free=238408Kb
 bounds [0x0000000002960000, 0x00000000030a0000, 0x0000000011960000]
 total_blobs=2116 nmethods=1853 adapters=176
 compilation: enabled

Compilation events (10 events):
Event: 5.944 Thread 0x000000001502d000 nmethod 1854 0x000000000308c250 code [0x000000000308c600, 0x000000000308f348]
Event: 5.944 Thread 0x000000001502d000 1837       4       com.android.dx.rop.cst.CstString::hashCode (8 bytes)
Event: 5.947 Thread 0x000000001502d000 nmethod 1837 0x0000000003071790 code [0x00000000030718c0, 0x0000000003071a38]
Event: 5.970 Thread 0x000000001502d000 1863       4       com.android.dx.rop.cst.CstLiteral32::equals (35 bytes)
Event: 5.971 Thread 0x000000001502d000 nmethod 1863 0x0000000003079050 code [0x0000000003079180, 0x0000000003079258]
Event: 5.971 Thread 0x000000001502d000 1864       4       java.util.HashMap$HashIterator::hasNext (13 bytes)
Event: 5.971 Thread 0x000000001502d000 nmethod 1864 0x0000000002fb2a10 code [0x0000000002fb2b40, 0x0000000002fb2bb8]
Event: 5.978 Thread 0x000000001502d000 1865       4       java.util.HashMap$HashIterator::nextNode (100 bytes)
Event: 5.982 Thread 0x000000001502d000 nmethod 1865 0x00000000030712d0 code [0x0000000003071420, 0x0000000003071658]
Event: 5.982 Thread 0x000000001502d000 1866       4       com.android.dx.dex.file.DexFile::internIfAppropriate (128 bytes)

GC Heap History (10 events):
Event: 2.039 GC heap before
{Heap before GC invocations=2 (full 1):
 PSYoungGen      total 28160K, used 528K [0x00000000eab00000, 0x00000000eca00000, 0x0000000100000000)
  eden space 24576K, 0% used [0x00000000eab00000,0x00000000eab00000,0x00000000ec300000)
  from space 3584K, 14% used [0x00000000ec300000,0x00000000ec384010,0x00000000ec680000)
  to   space 3584K, 0% used [0x00000000ec680000,0x00000000ec680000,0x00000000eca00000)
 ParOldGen       total 64512K, used 8K [0x00000000c0000000, 0x00000000c3f00000, 0x00000000eab00000)
  object space 64512K, 0% used [0x00000000c0000000,0x00000000c0002000,0x00000000c3f00000)
 Metaspace       used 2797K, capacity 4484K, committed 4736K, reserved 1060864K
  class space    used 301K, capacity 384K, committed 384K, reserved 1048576K
Event: 2.069 GC heap after
Heap after GC invocations=2 (full 1):
 PSYoungGen      total 28160K, used 0K [0x00000000eab00000, 0x00000000eca00000, 0x0000000100000000)
  eden space 24576K, 0% used [0x00000000eab00000,0x00000000eab00000,0x00000000ec300000)
  from space 3584K, 0% used [0x00000000ec300000,0x00000000ec300000,0x00000000ec680000)
  to   space 3584K, 0% used [0x00000000ec680000,0x00000000ec680000,0x00000000eca00000)
 ParOldGen       total 35328K, used 461K [0x00000000c0000000, 0x00000000c2280000, 0x00000000eab00000)
  object space 35328K, 1% used [0x00000000c0000000,0x00000000c00735e8,0x00000000c2280000)
 Metaspace       used 2797K, capacity 4484K, committed 4736K, reserved 1058816K
  class space    used 301K, capacity 384K, committed 384K, reserved 1048576K
}
Event: 2.941 GC heap before
{Heap before GC invocations=3 (full 1):
 PSYoungGen      total 28160K, used 24576K [0x00000000eab00000, 0x00000000eca00000, 0x0000000100000000)
  eden space 24576K, 100% used [0x00000000eab00000,0x00000000ec300000,0x00000000ec300000)
  from space 3584K, 0% used [0x00000000ec300000,0x00000000ec300000,0x00000000ec680000)
  to   space 3584K, 0% used [0x00000000ec680000,0x00000000ec680000,0x00000000eca00000)
 ParOldGen       total 35328K, used 461K [0x00000000c0000000, 0x00000000c2280000, 0x00000000eab00000)
  object space 35328K, 1% used [0x00000000c0000000,0x00000000c00735e8,0x00000000c2280000)
 Metaspace       used 5853K, capacity 6832K, committed 7040K, reserved 1060864K
  class space    used 585K, capacity 616K, committed 640K, reserved 1048576K
Event: 2.949 GC heap after
Heap after GC invocations=3 (full 1):
 PSYoungGen      total 28160K, used 3563K [0x00000000eab00000, 0x00000000ed600000, 0x0000000100000000)
  eden space 24576K, 0% used [0x00000000eab00000,0x00000000eab00000,0x00000000ec300000)
  from space 3584K, 99% used [0x00000000ec680000,0x00000000ec9fad50,0x00000000eca00000)
  to   space 3584K, 0% used [0x00000000ec300000,0x00000000ec300000,0x00000000ec680000)
 ParOldGen       total 35328K, used 1679K [0x00000000c0000000, 0x00000000c2280000, 0x00000000eab00000)
  object space 35328K, 4% used [0x00000000c0000000,0x00000000c01a3fe0,0x00000000c2280000)
 Metaspace       used 5853K, capacity 6832K, committed 7040K, reserved 1060864K
  class space    used 585K, capacity 616K, committed 640K, reserved 1048576K
}
Event: 3.397 GC heap before
{Heap before GC invocations=4 (full 1):
 PSYoungGen      total 28160K, used 28139K [0x00000000eab00000, 0x00000000ed600000, 0x0000000100000000)
  eden space 24576K, 100% used [0x00000000eab00000,0x00000000ec300000,0x00000000ec300000)
  from space 3584K, 99% used [0x00000000ec680000,0x00000000ec9fad50,0x00000000eca00000)
  to   space 3584K, 0% used [0x00000000ec300000,0x00000000ec300000,0x00000000ec680000)
 ParOldGen       total 35328K, used 1679K [0x00000000c0000000, 0x00000000c2280000, 0x00000000eab00000)
  object space 35328K, 4% used [0x00000000c0000000,0x00000000c01a3fe0,0x00000000c2280000)
 Metaspace       used 6086K, capacity 7024K, committed 7296K, reserved 1060864K
  class space    used 589K, capacity 616K, committed 640K, reserved 1048576K
Event: 3.452 GC heap after
Heap after GC invocations=4 (full 1):
 PSYoungGen      total 28160K, used 3562K [0x00000000eab00000, 0x00000000edc80000, 0x0000000100000000)
  eden space 24576K, 0% used [0x00000000eab00000,0x00000000eab00000,0x00000000ec300000)
  from space 3584K, 99% used [0x00000000ec300000,0x00000000ec67a9e8,0x00000000ec680000)
  to   space 3584K, 0% used [0x00000000ed900000,0x00000000ed900000,0x00000000edc80000)
 ParOldGen       total 35328K, used 5146K [0x00000000c0000000, 0x00000000c2280000, 0x00000000eab00000)
  object space 35328K, 14% used [0x00000000c0000000,0x00000000c05069d0,0x00000000c2280000)
 Metaspace       used 6086K, capacity 7024K, committed 7296K, reserved 1060864K
  class space    used 589K, capacity 616K, committed 640K, reserved 1048576K
}
Event: 3.867 GC heap before
{Heap before GC invocations=5 (full 1):
 PSYoungGen      total 28160K, used 28138K [0x00000000eab00000, 0x00000000edc80000, 0x0000000100000000)
  eden space 24576K, 100% used [0x00000000eab00000,0x00000000ec300000,0x00000000ec300000)
  from space 3584K, 99% used [0x00000000ec300000,0x00000000ec67a9e8,0x00000000ec680000)
  to   space 3584K, 0% used [0x00000000ed900000,0x00000000ed900000,0x00000000edc80000)
 ParOldGen       total 35328K, used 5146K [0x00000000c0000000, 0x00000000c2280000, 0x00000000eab00000)
  object space 35328K, 14% used [0x00000000c0000000,0x00000000c05069d0,0x00000000c2280000)
 Metaspace       used 6164K, capacity 7088K, committed 7296K, reserved 1060864K
  class space    used 589K, capacity 616K, committed 640K, reserved 1048576K
Event: 3.893 GC heap after
Heap after GC invocations=5 (full 1):
 PSYoungGen      total 47104K, used 3560K [0x00000000eab00000, 0x00000000edc80000, 0x0000000100000000)
  eden space 43520K, 0% used [0x00000000eab00000,0x00000000eab00000,0x00000000ed580000)
  from space 3584K, 99% used [0x00000000ed900000,0x00000000edc7a090,0x00000000edc80000)
  to   space 3584K, 0% used [0x00000000ed580000,0x00000000ed580000,0x00000000ed900000)
 ParOldGen       total 35328K, used 8819K [0x00000000c0000000, 0x00000000c2280000, 0x00000000eab00000)
  object space 35328K, 24% used [0x00000000c0000000,0x00000000c089cfc8,0x00000000c2280000)
 Metaspace       used 6164K, capacity 7088K, committed 7296K, reserved 1060864K
  class space    used 589K, capacity 616K, committed 640K, reserved 1048576K
}
Event: 4.638 GC heap before
{Heap before GC invocations=6 (full 1):
 PSYoungGen      total 47104K, used 47080K [0x00000000eab00000, 0x00000000edc80000, 0x0000000100000000)
  eden space 43520K, 100% used [0x00000000eab00000,0x00000000ed580000,0x00000000ed580000)
  from space 3584K, 99% used [0x00000000ed900000,0x00000000edc7a090,0x00000000edc80000)
  to   space 3584K, 0% used [0x00000000ed580000,0x00000000ed580000,0x00000000ed900000)
 ParOldGen       total 35328K, used 8819K [0x00000000c0000000, 0x00000000c2280000, 0x00000000eab00000)
  object space 35328K, 24% used [0x00000000c0000000,0x00000000c089cfc8,0x00000000c2280000)
 Metaspace       used 6217K, capacity 7152K, committed 7296K, reserved 1060864K
  class space    used 589K, capacity 616K, committed 640K, reserved 1048576K
Event: 4.783 GC heap after
Heap after GC invocations=6 (full 1):
 PSYoungGen      total 47104K, used 3561K [0x00000000eab00000, 0x00000000edc80000, 0x0000000100000000)
  eden space 43520K, 0% used [0x00000000eab00000,0x00000000eab00000,0x00000000ed580000)
  from space 3584K, 99% used [0x00000000ed580000,0x00000000ed8fa5b8,0x00000000ed900000)
  to   space 3584K, 0% used [0x00000000ed900000,0x00000000ed900000,0x00000000edc80000)
 ParOldGen       total 35328K, used 15528K [0x00000000c0000000, 0x00000000c2280000, 0x00000000eab00000)
  object space 35328K, 43% used [0x00000000c0000000,0x00000000c0f2a210,0x00000000c2280000)
 Metaspace       used 6217K, capacity 7152K, committed 7296K, reserved 1060864K
  class space    used 589K, capacity 616K, committed 640K, reserved 1048576K
}

Deoptimization events (10 events):
Event: 3.990 Thread 0x0000000016d54000 Uncommon trap: reason=class_check action=maybe_recompile pc=0x0000000002f3effc method=java.util.HashMap.putVal(ILjava/lang/Object;Ljava/lang/Object;ZZ)Ljava/lang/Object; @ 203
Event: 3.990 Thread 0x0000000016d54000 Uncommon trap: reason=class_check action=maybe_recompile pc=0x0000000002f3effc method=java.util.HashMap.putVal(ILjava/lang/Object;Ljava/lang/Object;ZZ)Ljava/lang/Object; @ 203
Event: 4.867 Thread 0x0000000016d02000 Uncommon trap: reason=unreached action=reinterpret pc=0x0000000002fa97a4 method=com.android.dx.rop.code.LocalItem.compareHandlesNulls(Lcom/android/dx/rop/cst/CstString;Lcom/android/dx/rop/cst/CstString;)I @ 14
Event: 4.868 Thread 0x0000000016d02000 Uncommon trap: reason=unreached action=reinterpret pc=0x0000000002fbef50 method=com.android.dx.rop.code.LocalItem.compareHandlesNulls(Lcom/android/dx/rop/cst/CstString;Lcom/android/dx/rop/cst/CstString;)I @ 14
Event: 4.868 Thread 0x0000000016d02000 Uncommon trap: reason=unreached action=reinterpret pc=0x0000000002fb3618 method=com.android.dx.rop.code.LocalItem.compareHandlesNulls(Lcom/android/dx/rop/cst/CstString;Lcom/android/dx/rop/cst/CstString;)I @ 14
Event: 5.469 Thread 0x0000000016cf3000 Uncommon trap: reason=class_check action=maybe_recompile pc=0x0000000002e05260 method=java.util.Arrays.hashCode([Ljava/lang/Object;)I @ 43
Event: 5.469 Thread 0x0000000016cf3000 Uncommon trap: reason=class_check action=maybe_recompile pc=0x0000000002e05260 method=java.util.Arrays.hashCode([Ljava/lang/Object;)I @ 43
Event: 5.469 Thread 0x0000000016cf3000 Uncommon trap: reason=class_check action=maybe_recompile pc=0x0000000002e05260 method=java.util.Arrays.hashCode([Ljava/lang/Object;)I @ 43
Event: 5.469 Thread 0x0000000016cf3000 Uncommon trap: reason=class_check action=maybe_recompile pc=0x0000000002e05260 method=java.util.Arrays.hashCode([Ljava/lang/Object;)I @ 43
Event: 5.469 Thread 0x0000000016cf3000 Uncommon trap: reason=class_check action=maybe_recompile pc=0x0000000002e24a00 method=java.util.Arrays.hashCode([Ljava/lang/Object;)I @ 43

Internal exceptions (10 events):
Event: 3.013 Thread 0x0000000002480800 Implicit null exception at 0x0000000002c3bfd4 to 0x0000000002c3ddd1
Event: 3.090 Thread 0x0000000016cc7000 Implicit null exception at 0x0000000002c8dca2 to 0x0000000002c8dd92
Event: 3.367 Thread 0x0000000016d02000 Exception <a 'java/security/PrivilegedActionException'> (0x00000000ec2046b0) thrown at [C:\workspace\8-2-build-windows-amd64-cygwin\jdk8u31\2394\hotspot\src\share\vm\prims\jvm.cpp, line 1312]
Event: 4.457 Thread 0x0000000002480800 Exception <a 'java/security/PrivilegedActionException'> (0x00000000eceb6770) thrown at [C:\workspace\8-2-build-windows-amd64-cygwin\jdk8u31\2394\hotspot\src\share\vm\prims\jvm.cpp, line 1312]
Event: 4.867 Thread 0x0000000016d02000 Implicit null exception at 0x0000000002fa7ec9 to 0x0000000002fa9795
Event: 4.868 Thread 0x0000000016d02000 Implicit null exception at 0x0000000002fbd3a5 to 0x0000000002fbef31
Event: 4.868 Thread 0x0000000016d02000 Implicit null exception at 0x0000000002fb3498 to 0x0000000002fb3605
Event: 5.329 Thread 0x0000000002480800 Exception <a 'java/security/PrivilegedActionException'> (0x00000000ebddf1d0) thrown at [C:\workspace\8-2-build-windows-amd64-cygwin\jdk8u31\2394\hotspot\src\share\vm\prims\jvm.cpp, line 1312]
Event: 5.481 Thread 0x0000000016cf3000 Exception <a 'java/security/PrivilegedActionException'> (0x00000000ec3a29e8) thrown at [C:\workspace\8-2-build-windows-amd64-cygwin\jdk8u31\2394\hotspot\src\share\vm\prims\jvm.cpp, line 1312]
Event: 5.761 Thread 0x0000000016cf3000 Exception <a 'java/security/PrivilegedActionException'> (0x00000000ec423038) thrown at [C:\workspace\8-2-build-windows-amd64-cygwin\jdk8u31\2394\hotspot\src\share\vm\prims\jvm.cpp, line 1312]

Events (10 events):
Event: 5.469 Thread 0x0000000016cf3000 Uncommon trap: trap_request=0xffffffde fr.pc=0x0000000002e05260
Event: 5.469 Thread 0x0000000016cf3000 DEOPT PACKING pc=0x0000000002e05260 sp=0x0000000016f7e740
Event: 5.469 Thread 0x0000000016cf3000 DEOPT UNPACKING pc=0x00000000029a556a sp=0x0000000016f7e670 mode 2
Event: 5.469 Thread 0x0000000016cf3000 Uncommon trap: trap_request=0xffffffde fr.pc=0x0000000002e24a00
Event: 5.469 Thread 0x0000000016cf3000 DEOPT PACKING pc=0x0000000002e24a00 sp=0x0000000016f7e740
Event: 5.469 Thread 0x0000000016cf3000 DEOPT UNPACKING pc=0x00000000029a556a sp=0x0000000016f7e6c8 mode 2
Event: 5.481 loading class com/android/dx/rop/cst/Zeroes
Event: 5.481 loading class com/android/dx/rop/cst/Zeroes done
Event: 5.761 loading class com/android/dx/dex/file/CatchStructs
Event: 5.761 loading class com/android/dx/dex/file/CatchStructs done


Dynamic libraries:
0x000007f6b8260000 - 0x000007f6b8294000 	C:\Program Files\Java\jdk1.8.0_31\bin\java.exe
0x000007f993640000 - 0x000007f9937fe000 	C:\Windows\SYSTEM32\ntdll.dll
0x000007f9930c0000 - 0x000007f9931f6000 	C:\Windows\system32\KERNEL32.DLL
0x000007f990670000 - 0x000007f990763000 	C:\Windows\system32\KERNELBASE.dll
0x000007f991400000 - 0x000007f9914de000 	C:\Windows\system32\ADVAPI32.dll
0x000007f992840000 - 0x000007f99298c000 	C:\Windows\system32\USER32.dll
0x000007f98e3d0000 - 0x000007f98e639000 	C:\Windows\WinSxS\amd64_microsoft.windows.common-controls_6595b64144ccf1df_6.0.9200.16384_none_418c2a697189c07f\COMCTL32.dll
0x000007f993590000 - 0x000007f993635000 	C:\Windows\system32\msvcrt.dll
0x000007f993530000 - 0x000007f993578000 	C:\Windows\SYSTEM32\sechost.dll
0x000007f992b30000 - 0x000007f992c70000 	C:\Windows\system32\RPCRT4.dll
0x000007f990fc0000 - 0x000007f991100000 	C:\Windows\system32\GDI32.dll
0x000007f9927d0000 - 0x000007f992809000 	C:\Windows\system32\IMM32.DLL
0x000007f990cb0000 - 0x000007f990dc4000 	C:\Windows\system32\MSCTF.dll
0x0000000052bb0000 - 0x0000000052c82000 	C:\Program Files\Java\jdk1.8.0_31\jre\bin\msvcr100.dll
0x0000000051bf0000 - 0x000000005244a000 	C:\Program Files\Java\jdk1.8.0_31\jre\bin\server\jvm.dll
0x000007f98bb50000 - 0x000007f98bb59000 	C:\Windows\SYSTEM32\WSOCK32.dll
0x000007f988c80000 - 0x000007f988ca0000 	C:\Windows\SYSTEM32\WINMM.dll
0x000007f992830000 - 0x000007f992837000 	C:\Windows\system32\PSAPI.DLL
0x000007f991330000 - 0x000007f991388000 	C:\Windows\system32\WS2_32.dll
0x000007f988c40000 - 0x000007f988c72000 	C:\Windows\SYSTEM32\WINMMBASE.dll
0x000007f993580000 - 0x000007f993589000 	C:\Windows\system32\NSI.dll
0x0000000052ba0000 - 0x0000000052baf000 	C:\Program Files\Java\jdk1.8.0_31\jre\bin\verify.dll
0x0000000052b70000 - 0x0000000052b98000 	C:\Program Files\Java\jdk1.8.0_31\jre\bin\java.dll
0x0000000052b50000 - 0x0000000052b66000 	C:\Program Files\Java\jdk1.8.0_31\jre\bin\zip.dll
0x000007f9914e0000 - 0x000007f9927c5000 	C:\Windows\system32\SHELL32.dll
0x000007f990ab0000 - 0x000007f990c60000 	C:\Windows\SYSTEM32\combase.dll
0x000007f990c60000 - 0x000007f990cb0000 	C:\Windows\system32\SHLWAPI.dll
0x000007f98e830000 - 0x000007f98e8c6000 	C:\Windows\SYSTEM32\SHCORE.dll
0x000007f990570000 - 0x000007f990585000 	C:\Windows\SYSTEM32\profapi.dll

VM Arguments:
jvm_args: -Djava.awt.headless=true -Xmx1024M -Dfile.encoding=windows-1252 -Duser.country=BR -Duser.language=pt -Duser.variant 
java_command: com.android.dx.command.Main --dex --force-jumbo --num-threads=4 --multi-dex --output C:\Users\Anderson\AndroidStudioProjects\FilaDeAtendimentoAndroid\app\build\intermediates\transforms\dex\debug\folders\1000\10\com.android.support-design-23.4.0_2669f0826da816dd8c58aca2bb0e363d9d1dda25 C:\Users\Anderson\AndroidStudioProjects\FilaDeAtendimentoAndroid\app\build\intermediates\exploded-aar\com.android.support\design\23.4.0\jars\classes.jar
java_class_path (initial): C:\Users\Anderson\AppData\Local\Android\sdk\build-tools\24.0.1\lib\dx.jar
Launcher Type: SUN_STANDARD

Environment Variables:
PATH=C:\Windows\System32;C:\Program Files (x86)\nodejs\;C:\Windows\system32\config\systemprofile\.dnx\bin;C:\Program Files\Microsoft DNX\Dnvm\;C:\Program Files (x86)\Windows Kits\8.1\Windows Performance Toolkit\;C:\Program Files\Microsoft SQL Server\130\Tools\Binn\;C:\Go\bin;C:\Program Files\swipl\bin;C:\Users\Anderson\AppData\Local\Programs\Python\Python35-32\Scripts\;C:\Users\Anderson\AppData\Local\Programs\Python\Python35-32\;C:\Program Files (x86)\Java\jre7\bin;C:\Users\Anderson\AppData\Roaming\npm
USERNAME=Anderson
OS=Windows_NT
PROCESSOR_IDENTIFIER=Intel64 Family 6 Model 58 Stepping 9, GenuineIntel



---------------  S Y S T E M  ---------------

OS: Windows 8 , 64 bit Build 9200 

CPU:total 4 (2 cores per cpu, 2 threads per core) family 6 model 58 stepping 9, cmov, cx8, fxsr, mmx, sse, sse2, sse3, ssse3, sse4.1, sse4.2, popcnt, avx, aes, clmul, erms, ht, tsc, tscinvbit, tscinv

Memory: 4k page, physical 6102292k(960100k free), swap 6102292k(4900k free)

vm_info: Java HotSpot(TM) 64-Bit Server VM (25.31-b07) for windows-amd64 JRE (1.8.0_31-b13), built on Dec 17 2014 21:00:28 by "java_re" with MS VC++ 10.0 (VS2010)

time: Fri Sep 02 16:39:56 2016
elapsed time: 6 seconds (0d 0h 0m 6s)

