#
# There is insufficient memory for the Java Runtime Environment to continue.
# Native memory allocation (malloc) failed to allocate 166736 bytes for Chunk::new
# Possible reasons:
#   The system is out of physical RAM or swap space
#   In 32 bit mode, the process size limit was hit
# Possible solutions:
#   Reduce memory load on the system
#   Increase physical memory or swap space
#   Check if swap backing store is full
#   Use 64 bit Java on a 64 bit OS
#   Decrease Java heap size (-Xmx/-Xms)
#   Decrease number of Java threads
#   Decrease Java thread stack sizes (-Xss)
#   Set larger code cache with -XX:ReservedCodeCacheSize=
# This output file may be truncated or incomplete.
#
#  Out of Memory Error (allocation.cpp:390), pid=772, tid=4280
#
# JRE version: Java(TM) SE Runtime Environment (8.0_31-b13) (build 1.8.0_31-b13)
# Java VM: Java HotSpot(TM) 64-Bit Server VM (25.31-b07 mixed mode windows-amd64 compressed oops)
# Failed to write core dump. Minidumps are not enabled by default on client versions of Windows
#

---------------  T H R E A D  ---------------

Current thread (0x000000001523e000):  JavaThread "C2 CompilerThread0" daemon [_thread_in_native, id=4280, stack(0x0000000016770000,0x0000000016870000)]

Stack: [0x0000000016770000,0x0000000016870000]
Native frames: (J=compiled Java code, j=interpreted, Vv=VM code, C=native code)
V  [jvm.dll+0x3169ba]


Current CompileTask:
C2:   4485 1306       4       com.android.dx.ssa.NormalSsaInsn::accept (25 bytes)


---------------  P R O C E S S  ---------------

Java Threads: ( => current thread )
  0x0000000016c38800 JavaThread "pool-2-thread-4" [_thread_in_Java, id=4672, stack(0x0000000017c70000,0x0000000017d70000)]
  0x0000000016c38000 JavaThread "pool-2-thread-3" [_thread_in_Java, id=4480, stack(0x0000000017b70000,0x0000000017c70000)]
  0x0000000016c2a800 JavaThread "pool-2-thread-2" [_thread_blocked, id=2912, stack(0x0000000017a70000,0x0000000017b70000)]
  0x0000000016b9a000 JavaThread "pool-3-thread-1" [_thread_blocked, id=1596, stack(0x0000000017970000,0x0000000017a70000)]
  0x0000000016b97000 JavaThread "pool-2-thread-1" [_thread_in_Java, id=4584, stack(0x0000000017870000,0x0000000017970000)]
  0x000000001526d800 JavaThread "Service Thread" daemon [_thread_blocked, id=4488, stack(0x0000000016e70000,0x0000000016f70000)]
  0x0000000016978800 JavaThread "C1 CompilerThread2" daemon [_thread_blocked, id=2324, stack(0x0000000016d70000,0x0000000016e70000)]
  0x0000000015240000 JavaThread "C2 CompilerThread1" daemon [_thread_in_native, id=4340, stack(0x0000000016870000,0x0000000016970000)]
=>0x000000001523e000 JavaThread "C2 CompilerThread0" daemon [_thread_in_native, id=4280, stack(0x0000000016770000,0x0000000016870000)]
  0x000000001523b800 JavaThread "Attach Listener" daemon [_thread_blocked, id=4832, stack(0x0000000016670000,0x0000000016770000)]
  0x000000001523a800 JavaThread "Signal Dispatcher" daemon [_thread_blocked, id=4876, stack(0x0000000016570000,0x0000000016670000)]
  0x00000000151dd800 JavaThread "Finalizer" daemon [_thread_blocked, id=3624, stack(0x0000000016470000,0x0000000016570000)]
  0x00000000151da000 JavaThread "Reference Handler" daemon [_thread_blocked, id=4860, stack(0x0000000016370000,0x0000000016470000)]
  0x0000000002a40800 JavaThread "main" [_thread_blocked, id=4776, stack(0x0000000002660000,0x0000000002760000)]

Other Threads:
  0x00000000151d8000 VMThread [stack: 0x0000000016270000,0x0000000016370000] [id=2952]
  0x000000001699c000 WatcherThread [stack: 0x0000000016f70000,0x0000000017070000] [id=4828]

VM state:not at safepoint (normal execution)

VM Mutex/Monitor currently owned by a thread: None

Heap:
 PSYoungGen      total 28160K, used 20261K [0x00000000eab00000, 0x00000000ee200000, 0x0000000100000000)
  eden space 24576K, 67% used [0x00000000eab00000,0x00000000ebb4b658,0x00000000ec300000)
  from space 3584K, 99% used [0x00000000ec300000,0x00000000ec67e088,0x00000000ec680000)
  to   space 3584K, 0% used [0x00000000ede80000,0x00000000ede80000,0x00000000ee200000)
 ParOldGen       total 64512K, used 985K [0x00000000c0000000, 0x00000000c3f00000, 0x00000000eab00000)
  object space 64512K, 1% used [0x00000000c0000000,0x00000000c00f6418,0x00000000c3f00000)
 Metaspace       used 5919K, capacity 6896K, committed 7040K, reserved 1056768K
  class space    used 583K, capacity 616K, committed 640K, reserved 1048576K

Card table byte_map: [0x0000000011f00000,0x0000000012110000] byte_map_base: 0x0000000011900000

Marking Bits: (ParMarkBitMap*) 0x00000000523cd4f0
 Begin Bits: [0x0000000012670000, 0x0000000013670000)
 End Bits:   [0x0000000013670000, 0x0000000014670000)

Polling page: 0x0000000000d80000

CodeCache: size=245760Kb used=4988Kb max_used=4999Kb free=240771Kb
 bounds [0x0000000002b40000, 0x0000000003030000, 0x0000000011b40000]
 total_blobs=1559 nmethods=1297 adapters=176
 compilation: enabled

Compilation events (10 events):
Event: 4.453 Thread 0x000000001523e000 nmethod 1292 0x0000000003022250 code [0x0000000003022400, 0x0000000003022b10]
Event: 4.454 Thread 0x000000001523e000 1306       4       com.android.dx.ssa.NormalSsaInsn::accept (25 bytes)
Event: 4.461 Thread 0x0000000015240000 nmethod 1280 0x0000000003023090 code [0x0000000003023220, 0x0000000003023970]
Event: 4.461 Thread 0x0000000015240000 1308       4       com.android.dx.ssa.SsaBasicBlock::forEachPhiInsn (54 bytes)
Event: 4.477 Thread 0x0000000015240000 nmethod 1308 0x0000000003024450 code [0x00000000030245e0, 0x0000000003024c88]
Event: 4.477 Thread 0x0000000015240000 1313       4       java.util.ArrayList$SubList::<init> (46 bytes)
Event: 4.478 Thread 0x0000000015240000 nmethod 1313 0x0000000003020850 code [0x0000000003020980, 0x0000000003020a18]
Event: 4.478 Thread 0x0000000015240000 1314       4       java.util.ArrayList$SubList::size (9 bytes)
Event: 4.479 Thread 0x0000000015240000 nmethod 1314 0x00000000030205d0 code [0x0000000003020700, 0x0000000003020798]
Event: 4.479 Thread 0x0000000015240000 1285       4       com.android.dx.ssa.SCCP::simulateStmt (481 bytes)

GC Heap History (2 events):
Event: 4.061 GC heap before
{Heap before GC invocations=1 (full 0):
 PSYoungGen      total 28160K, used 24576K [0x00000000eab00000, 0x00000000eca00000, 0x0000000100000000)
  eden space 24576K, 100% used [0x00000000eab00000,0x00000000ec300000,0x00000000ec300000)
  from space 3584K, 0% used [0x00000000ec680000,0x00000000ec680000,0x00000000eca00000)
  to   space 3584K, 0% used [0x00000000ec300000,0x00000000ec300000,0x00000000ec680000)
 ParOldGen       total 64512K, used 0K [0x00000000c0000000, 0x00000000c3f00000, 0x00000000eab00000)
  object space 64512K, 0% used [0x00000000c0000000,0x00000000c0000000,0x00000000c3f00000)
 Metaspace       used 5787K, capacity 6768K, committed 7040K, reserved 1056768K
  class space    used 582K, capacity 616K, committed 640K, reserved 1048576K
Event: 4.105 GC heap after
Heap after GC invocations=1 (full 0):
 PSYoungGen      total 28160K, used 3576K [0x00000000eab00000, 0x00000000ee200000, 0x0000000100000000)
  eden space 24576K, 0% used [0x00000000eab00000,0x00000000eab00000,0x00000000ec300000)
  from space 3584K, 99% used [0x00000000ec300000,0x00000000ec67e088,0x00000000ec680000)
  to   space 3584K, 0% used [0x00000000ede80000,0x00000000ede80000,0x00000000ee200000)
 ParOldGen       total 64512K, used 985K [0x00000000c0000000, 0x00000000c3f00000, 0x00000000eab00000)
  object space 64512K, 1% used [0x00000000c0000000,0x00000000c00f6418,0x00000000c3f00000)
 Metaspace       used 5787K, capacity 6768K, committed 7040K, reserved 1056768K
  class space    used 582K, capacity 616K, committed 640K, reserved 1048576K
}

Deoptimization events (8 events):
Event: 3.419 Thread 0x0000000016c2a800 Uncommon trap: reason=class_check action=maybe_recompile pc=0x0000000002dec22c method=com.android.dx.ssa.NormalSsaInsn.accept(Lcom/android/dx/ssa/SsaInsn$Visitor;)V @ 9
Event: 3.419 Thread 0x0000000016c2a800 Uncommon trap: reason=class_check action=maybe_recompile pc=0x0000000002dec22c method=com.android.dx.ssa.NormalSsaInsn.accept(Lcom/android/dx/ssa/SsaInsn$Visitor;)V @ 9
Event: 3.419 Thread 0x0000000016c2a800 Uncommon trap: reason=class_check action=maybe_recompile pc=0x0000000002dec22c method=com.android.dx.ssa.NormalSsaInsn.accept(Lcom/android/dx/ssa/SsaInsn$Visitor;)V @ 9
Event: 3.420 Thread 0x0000000016c2a800 Uncommon trap: reason=class_check action=maybe_recompile pc=0x0000000002dec22c method=com.android.dx.ssa.NormalSsaInsn.accept(Lcom/android/dx/ssa/SsaInsn$Visitor;)V @ 9
Event: 3.420 Thread 0x0000000016c2a800 Uncommon trap: reason=class_check action=maybe_recompile pc=0x0000000002dd1ab0 method=com.android.dx.ssa.NormalSsaInsn.accept(Lcom/android/dx/ssa/SsaInsn$Visitor;)V @ 9
Event: 3.707 Thread 0x0000000016c2a800 Uncommon trap: reason=unreached action=reinterpret pc=0x0000000002e30198 method=com.android.dx.rop.code.LocalItem.hashCode()I @ 25
Event: 4.308 Thread 0x0000000016c38000 Uncommon trap: reason=null_check action=make_not_entrant pc=0x0000000002eab358 method=com.android.dx.ssa.SsaRenamer.getLocalForNewReg(I)Lcom/android/dx/rop/code/LocalItem; @ 19
Event: 4.441 Thread 0x0000000016c38000 Uncommon trap: reason=null_check action=make_not_entrant pc=0x0000000002e9a1c0 method=com.android.dx.ssa.SsaRenamer.getLocalForNewReg(I)Lcom/android/dx/rop/code/LocalItem; @ 19

Internal exceptions (10 events):
Event: 3.177 Thread 0x0000000016c2a800 Exception <a 'java/security/PrivilegedActionException'> (0x00000000eb8b1910) thrown at [C:\workspace\8-2-build-windows-amd64-cygwin\jdk8u31\2394\hotspot\src\share\vm\prims\jvm.cpp, line 1312]
Event: 3.180 Thread 0x0000000016c2a800 Exception <a 'java/security/PrivilegedActionException'> (0x00000000eb8b6020) thrown at [C:\workspace\8-2-build-windows-amd64-cygwin\jdk8u31\2394\hotspot\src\share\vm\prims\jvm.cpp, line 1312]
Event: 3.206 Thread 0x0000000016b97000 Exception <a 'java/security/PrivilegedActionException'> (0x00000000ebb4c040) thrown at [C:\workspace\8-2-build-windows-amd64-cygwin\jdk8u31\2394\hotspot\src\share\vm\prims\jvm.cpp, line 1312]
Event: 3.212 Thread 0x0000000016b97000 Exception <a 'java/security/PrivilegedActionException'> (0x00000000ebb6a428) thrown at [C:\workspace\8-2-build-windows-amd64-cygwin\jdk8u31\2394\hotspot\src\share\vm\prims\jvm.cpp, line 1312]
Event: 3.238 Thread 0x0000000016c38000 Exception <a 'java/security/PrivilegedActionException'> (0x00000000eb7bc3f8) thrown at [C:\workspace\8-2-build-windows-amd64-cygwin\jdk8u31\2394\hotspot\src\share\vm\prims\jvm.cpp, line 1312]
Event: 3.316 Thread 0x0000000016c38800 Exception <a 'java/security/PrivilegedActionException'> (0x00000000ebc62038) thrown at [C:\workspace\8-2-build-windows-amd64-cygwin\jdk8u31\2394\hotspot\src\share\vm\prims\jvm.cpp, line 1312]
Event: 3.339 Thread 0x0000000002a40800 Exception <a 'java/security/PrivilegedActionException'> (0x00000000ebb08bc0) thrown at [C:\workspace\8-2-build-windows-amd64-cygwin\jdk8u31\2394\hotspot\src\share\vm\prims\jvm.cpp, line 1312]
Event: 3.698 Thread 0x0000000016c2a800 Exception <a 'java/security/PrivilegedActionException'> (0x00000000ebe59a50) thrown at [C:\workspace\8-2-build-windows-amd64-cygwin\jdk8u31\2394\hotspot\src\share\vm\prims\jvm.cpp, line 1312]
Event: 4.308 Thread 0x0000000016c38000 Implicit null exception at 0x0000000002ea9536 to 0x0000000002eab331
Event: 4.441 Thread 0x0000000016c38000 Implicit null exception at 0x0000000002e9840d to 0x0000000002e9a199

Events (10 events):
Event: 4.129 Executing VM operation: Deoptimize
Event: 4.147 Executing VM operation: Deoptimize done
Event: 4.308 Thread 0x0000000016c38000 Uncommon trap: trap_request=0xfffffff4 fr.pc=0x0000000002eab358
Event: 4.308 Thread 0x0000000016c38000 DEOPT PACKING pc=0x0000000002eab358 sp=0x0000000017c6ea30
Event: 4.308 Thread 0x0000000016c38000 DEOPT UNPACKING pc=0x0000000002b8556a sp=0x0000000017c6e868 mode 2
Event: 4.431 Executing VM operation: EnableBiasedLocking
Event: 4.441 Executing VM operation: EnableBiasedLocking done
Event: 4.441 Thread 0x0000000016c38000 Uncommon trap: trap_request=0xfffffff4 fr.pc=0x0000000002e9a1c0
Event: 4.441 Thread 0x0000000016c38000 DEOPT PACKING pc=0x0000000002e9a1c0 sp=0x0000000017c6e9f0
Event: 4.442 Thread 0x0000000016c38000 DEOPT UNPACKING pc=0x0000000002b8556a sp=0x0000000017c6e888 mode 2


Dynamic libraries:
0x000007f6b8260000 - 0x000007f6b8294000 	C:\Program Files\Java\jdk1.8.0_31\bin\java.exe
0x000007f993640000 - 0x000007f9937fe000 	C:\Windows\SYSTEM32\ntdll.dll
0x000007f9930c0000 - 0x000007f9931f6000 	C:\Windows\system32\KERNEL32.DLL
0x000007f990670000 - 0x000007f990763000 	C:\Windows\system32\KERNELBASE.dll
0x000007f991400000 - 0x000007f9914de000 	C:\Windows\system32\ADVAPI32.dll
0x000007f992840000 - 0x000007f99298c000 	C:\Windows\system32\USER32.dll
0x000007f98e3d0000 - 0x000007f98e639000 	C:\Windows\WinSxS\amd64_microsoft.windows.common-controls_6595b64144ccf1df_6.0.9200.16384_none_418c2a697189c07f\COMCTL32.dll
0x000007f993590000 - 0x000007f993635000 	C:\Windows\system32\msvcrt.dll
0x000007f993530000 - 0x000007f993578000 	C:\Windows\SYSTEM32\sechost.dll
0x000007f992b30000 - 0x000007f992c70000 	C:\Windows\system32\RPCRT4.dll
0x000007f990fc0000 - 0x000007f991100000 	C:\Windows\system32\GDI32.dll
0x000007f9927d0000 - 0x000007f992809000 	C:\Windows\system32\IMM32.DLL
0x000007f990cb0000 - 0x000007f990dc4000 	C:\Windows\system32\MSCTF.dll
0x0000000052bb0000 - 0x0000000052c82000 	C:\Program Files\Java\jdk1.8.0_31\jre\bin\msvcr100.dll
0x0000000051bf0000 - 0x000000005244a000 	C:\Program Files\Java\jdk1.8.0_31\jre\bin\server\jvm.dll
0x000007f98bb50000 - 0x000007f98bb59000 	C:\Windows\SYSTEM32\WSOCK32.dll
0x000007f988c80000 - 0x000007f988ca0000 	C:\Windows\SYSTEM32\WINMM.dll
0x000007f992830000 - 0x000007f992837000 	C:\Windows\system32\PSAPI.DLL
0x000007f991330000 - 0x000007f991388000 	C:\Windows\system32\WS2_32.dll
0x000007f988c40000 - 0x000007f988c72000 	C:\Windows\SYSTEM32\WINMMBASE.dll
0x000007f993580000 - 0x000007f993589000 	C:\Windows\system32\NSI.dll
0x0000000052ba0000 - 0x0000000052baf000 	C:\Program Files\Java\jdk1.8.0_31\jre\bin\verify.dll
0x0000000052b70000 - 0x0000000052b98000 	C:\Program Files\Java\jdk1.8.0_31\jre\bin\java.dll
0x0000000052b50000 - 0x0000000052b66000 	C:\Program Files\Java\jdk1.8.0_31\jre\bin\zip.dll
0x000007f9914e0000 - 0x000007f9927c5000 	C:\Windows\system32\SHELL32.dll
0x000007f990ab0000 - 0x000007f990c60000 	C:\Windows\SYSTEM32\combase.dll
0x000007f990c60000 - 0x000007f990cb0000 	C:\Windows\system32\SHLWAPI.dll
0x000007f98e830000 - 0x000007f98e8c6000 	C:\Windows\SYSTEM32\SHCORE.dll
0x000007f990570000 - 0x000007f990585000 	C:\Windows\SYSTEM32\profapi.dll

VM Arguments:
jvm_args: -Djava.awt.headless=true -Xmx1024M -Dfile.encoding=windows-1252 -Duser.country=BR -Duser.language=pt -Duser.variant 
java_command: com.android.dx.command.Main --dex --force-jumbo --num-threads=4 --multi-dex --output C:\Users\Anderson\AndroidStudioProjects\FilaDeAtendimentoAndroid\app\build\intermediates\transforms\dex\debug\folders\1000\10\internal_impl-23.4.0_6c70ad0ffedfbeacc419bd90e4d2971b36edf940 C:\Users\Anderson\AndroidStudioProjects\FilaDeAtendimentoAndroid\app\build\intermediates\exploded-aar\com.android.support\support-v4\23.4.0\jars\libs\internal_impl-23.4.0.jar
java_class_path (initial): C:\Users\Anderson\AppData\Local\Android\sdk\build-tools\24.0.1\lib\dx.jar
Launcher Type: SUN_STANDARD

Environment Variables:
OS=Windows_NT
PROCESSOR_IDENTIFIER=Intel64 Family 6 Model 58 Stepping 9, GenuineIntel



---------------  S Y S T E M  ---------------

OS: Windows 8 , 64 bit Build 9200 

CPU:total 4 (2 cores per cpu, 2 threads per core) family 6 model 58 stepping 9, cmov, cx8, fxsr, mmx, sse, sse2, sse3, ssse3, sse4.1, sse4.2, popcnt, avx, aes, clmul, erms, ht, tsc, tscinvbit, tscinv

Memory: 4k page, physical 6102292k(1010540k free), swap 6102292k(4624k free)

vm_info: Java HotSpot(TM) 64-Bit Server VM (25.31-b07) for windows-amd64 JRE (1.8.0_31-b13), built on Dec 17 2014 21:00:28 by "java_re" with MS VC++ 10.0 (VS2010)

time: Fri Sep 02 16:39:43 2016
elapsed time: 4 seconds (0d 0h 0m 4s)

