#
# There is insufficient memory for the Java Runtime Environment to continue.
# Native memory allocation (malloc) failed to allocate 277616 bytes for Chunk::new
# Possible reasons:
#   The system is out of physical RAM or swap space
#   In 32 bit mode, the process size limit was hit
# Possible solutions:
#   Reduce memory load on the system
#   Increase physical memory or swap space
#   Check if swap backing store is full
#   Use 64 bit Java on a 64 bit OS
#   Decrease Java heap size (-Xmx/-Xms)
#   Decrease number of Java threads
#   Decrease Java thread stack sizes (-Xss)
#   Set larger code cache with -XX:ReservedCodeCacheSize=
# This output file may be truncated or incomplete.
#
#  Out of Memory Error (allocation.cpp:390), pid=1876, tid=816
#
# JRE version: Java(TM) SE Runtime Environment (8.0_31-b13) (build 1.8.0_31-b13)
# Java VM: Java HotSpot(TM) 64-Bit Server VM (25.31-b07 mixed mode windows-amd64 compressed oops)
# Failed to write core dump. Minidumps are not enabled by default on client versions of Windows
#

---------------  T H R E A D  ---------------

Current thread (0x00000000153e0800):  JavaThread "C2 CompilerThread1" daemon [_thread_in_native, id=816, stack(0x0000000016a30000,0x0000000016b30000)]

Stack: [0x0000000016a30000,0x0000000016b30000]
Native frames: (J=compiled Java code, j=interpreted, Vv=VM code, C=native code)
V  [jvm.dll+0x3169ba]


Current CompileTask:
C2:   4268 1239   !   4       com.android.dx.cf.code.BytecodeArray::parseInstruction (2764 bytes)


---------------  P R O C E S S  ---------------

Java Threads: ( => current thread )
  0x0000000016e81800 JavaThread "pool-2-thread-4" [_thread_blocked, id=1952, stack(0x0000000017630000,0x0000000017730000)]
  0x0000000016dc0000 JavaThread "pool-2-thread-3" [_thread_in_Java, id=4620, stack(0x0000000017530000,0x0000000017630000)]
  0x0000000016dbf000 JavaThread "pool-2-thread-2" [_thread_blocked, id=4804, stack(0x0000000017430000,0x0000000017530000)]
  0x0000000016db8000 JavaThread "pool-3-thread-1" [_thread_blocked, id=5004, stack(0x0000000017330000,0x0000000017430000)]
  0x0000000016db7800 JavaThread "pool-2-thread-1" [_thread_blocked, id=4988, stack(0x0000000017230000,0x0000000017330000)]
  0x0000000016c5c800 JavaThread "Service Thread" daemon [_thread_blocked, id=4940, stack(0x0000000017030000,0x0000000017130000)]
  0x00000000153e7000 JavaThread "C1 CompilerThread2" daemon [_thread_blocked, id=4572, stack(0x0000000016b30000,0x0000000016c30000)]
=>0x00000000153e0800 JavaThread "C2 CompilerThread1" daemon [_thread_in_native, id=816, stack(0x0000000016a30000,0x0000000016b30000)]
  0x00000000153de800 JavaThread "C2 CompilerThread0" daemon [_thread_in_native, id=4204, stack(0x0000000016930000,0x0000000016a30000)]
  0x00000000153dc000 JavaThread "Attach Listener" daemon [_thread_blocked, id=4372, stack(0x0000000016830000,0x0000000016930000)]
  0x00000000153da800 JavaThread "Signal Dispatcher" daemon [_thread_blocked, id=4892, stack(0x0000000016730000,0x0000000016830000)]
  0x00000000153a8800 JavaThread "Finalizer" daemon [_thread_blocked, id=4320, stack(0x0000000016630000,0x0000000016730000)]
  0x0000000002cfd800 JavaThread "Reference Handler" daemon [_thread_blocked, id=4396, stack(0x0000000016530000,0x0000000016630000)]
  0x0000000002c10800 JavaThread "main" [_thread_in_Java, id=1188, stack(0x0000000002830000,0x0000000002930000)]

Other Threads:
  0x00000000153a6000 VMThread [stack: 0x0000000016430000,0x0000000016530000] [id=4952]
  0x0000000016c60800 WatcherThread [stack: 0x0000000017130000,0x0000000017230000] [id=5060]

VM state:not at safepoint (normal execution)

VM Mutex/Monitor currently owned by a thread: None

Heap:
 PSYoungGen      total 28160K, used 13724K [0x00000000eab00000, 0x00000000eca00000, 0x0000000100000000)
  eden space 24576K, 41% used [0x00000000eab00000,0x00000000eb4ed728,0x00000000ec300000)
  from space 3584K, 99% used [0x00000000ec300000,0x00000000ec679c88,0x00000000ec680000)
  to   space 3584K, 0% used [0x00000000ec680000,0x00000000ec680000,0x00000000eca00000)
 ParOldGen       total 64512K, used 1735K [0x00000000c0000000, 0x00000000c3f00000, 0x00000000eab00000)
  object space 64512K, 2% used [0x00000000c0000000,0x00000000c01b1fc8,0x00000000c3f00000)
 Metaspace       used 5940K, capacity 6960K, committed 7040K, reserved 1056768K
  class space    used 586K, capacity 616K, committed 640K, reserved 1048576K

Card table byte_map: [0x00000000120d0000,0x00000000122e0000] byte_map_base: 0x0000000011ad0000

Marking Bits: (ParMarkBitMap*) 0x00000000523cd4f0
 Begin Bits: [0x0000000012840000, 0x0000000013840000)
 End Bits:   [0x0000000013840000, 0x0000000014840000)

Polling page: 0x0000000000f20000

CodeCache: size=245760Kb used=5037Kb max_used=5037Kb free=240722Kb
 bounds [0x0000000002d10000, 0x0000000003200000, 0x0000000011d10000]
 total_blobs=1546 nmethods=1283 adapters=176
 compilation: disabled (not enough contiguous free space left)

Compilation events (10 events):
Event: 4.160 Thread 0x00000000153e7000 1284       3       java.util.TreeMap$PrivateEntryIterator::<init> (28 bytes)
Event: 4.161 Thread 0x00000000153e7000 nmethod 1284 0x00000000031f6590 code [0x00000000031f6700, 0x00000000031f6910]
Event: 4.162 Thread 0x00000000153e7000 1285       3       com.android.dx.ssa.SsaMethod::convertRopToSsaBlocks (103 bytes)
Event: 4.163 Thread 0x00000000153e7000 nmethod 1285 0x00000000031f6a10 code [0x00000000031f6c80, 0x00000000031f7e28]
Event: 4.166 Thread 0x00000000153e7000 1286       3       com.android.dx.cf.code.LocalVariableList::concat (97 bytes)
Event: 4.167 Thread 0x00000000153e7000 nmethod 1286 0x00000000031f87d0 code [0x00000000031f8ae0, 0x00000000031fa728]
Event: 4.186 Thread 0x00000000153e7000 1287       3       com.android.dx.ssa.SsaConverter::edgeSplitMoveExceptionsAndResults (157 bytes)
Event: 4.188 Thread 0x00000000153e7000 nmethod 1287 0x00000000031fb9d0 code [0x00000000031fbd80, 0x00000000031fdb68]
Event: 4.189 Thread 0x00000000153e7000 1288       1       java.util.HashMap$Node::getValue (5 bytes)
Event: 4.189 Thread 0x00000000153e7000 nmethod 1288 0x00000000031fef90 code [0x00000000031ff0e0, 0x00000000031ff1f0]

GC Heap History (2 events):
Event: 3.929 GC heap before
{Heap before GC invocations=1 (full 0):
 PSYoungGen      total 28160K, used 24576K [0x00000000eab00000, 0x00000000eca00000, 0x0000000100000000)
  eden space 24576K, 100% used [0x00000000eab00000,0x00000000ec300000,0x00000000ec300000)
  from space 3584K, 0% used [0x00000000ec680000,0x00000000ec680000,0x00000000eca00000)
  to   space 3584K, 0% used [0x00000000ec300000,0x00000000ec300000,0x00000000ec680000)
 ParOldGen       total 64512K, used 0K [0x00000000c0000000, 0x00000000c3f00000, 0x00000000eab00000)
  object space 64512K, 0% used [0x00000000c0000000,0x00000000c0000000,0x00000000c3f00000)
 Metaspace       used 5899K, capacity 6896K, committed 7040K, reserved 1056768K
  class space    used 586K, capacity 616K, committed 640K, reserved 1048576K
Event: 4.025 GC heap after
Heap after GC invocations=1 (full 0):
 PSYoungGen      total 28160K, used 3559K [0x00000000eab00000, 0x00000000eca00000, 0x0000000100000000)
  eden space 24576K, 0% used [0x00000000eab00000,0x00000000eab00000,0x00000000ec300000)
  from space 3584K, 99% used [0x00000000ec300000,0x00000000ec679c88,0x00000000ec680000)
  to   space 3584K, 0% used [0x00000000ec680000,0x00000000ec680000,0x00000000eca00000)
 ParOldGen       total 64512K, used 1735K [0x00000000c0000000, 0x00000000c3f00000, 0x00000000eab00000)
  object space 64512K, 2% used [0x00000000c0000000,0x00000000c01b1fc8,0x00000000c3f00000)
 Metaspace       used 5899K, capacity 6896K, committed 7040K, reserved 1056768K
  class space    used 586K, capacity 616K, committed 640K, reserved 1048576K
}

Deoptimization events (0 events):
No events

Internal exceptions (10 events):
Event: 2.963 Thread 0x0000000016e81800 Exception <a 'java/security/PrivilegedActionException'> (0x00000000eb3723f0) thrown at [C:\workspace\8-2-build-windows-amd64-cygwin\jdk8u31\2394\hotspot\src\share\vm\prims\jvm.cpp, line 1312]
Event: 2.964 Thread 0x0000000016e81800 Exception <a 'java/security/PrivilegedActionException'> (0x00000000eb378698) thrown at [C:\workspace\8-2-build-windows-amd64-cygwin\jdk8u31\2394\hotspot\src\share\vm\prims\jvm.cpp, line 1312]
Event: 2.965 Thread 0x0000000016e81800 Exception <a 'java/security/PrivilegedActionException'> (0x00000000eb37cda8) thrown at [C:\workspace\8-2-build-windows-amd64-cygwin\jdk8u31\2394\hotspot\src\share\vm\prims\jvm.cpp, line 1312]
Event: 2.966 Thread 0x0000000016e81800 Exception <a 'java/security/PrivilegedActionException'> (0x00000000eb383198) thrown at [C:\workspace\8-2-build-windows-amd64-cygwin\jdk8u31\2394\hotspot\src\share\vm\prims\jvm.cpp, line 1312]
Event: 2.967 Thread 0x0000000016dbf000 Exception <a 'java/security/PrivilegedActionException'> (0x00000000eb5ae3d0) thrown at [C:\workspace\8-2-build-windows-amd64-cygwin\jdk8u31\2394\hotspot\src\share\vm\prims\jvm.cpp, line 1312]
Event: 2.988 Thread 0x0000000016dbf000 Exception <a 'java/security/PrivilegedActionException'> (0x00000000eb5b88d8) thrown at [C:\workspace\8-2-build-windows-amd64-cygwin\jdk8u31\2394\hotspot\src\share\vm\prims\jvm.cpp, line 1312]
Event: 2.989 Thread 0x0000000016dc0000 Exception <a 'java/security/PrivilegedActionException'> (0x00000000eb0b2e70) thrown at [C:\workspace\8-2-build-windows-amd64-cygwin\jdk8u31\2394\hotspot\src\share\vm\prims\jvm.cpp, line 1312]
Event: 3.042 Thread 0x0000000016db7800 Exception <a 'java/security/PrivilegedActionException'> (0x00000000eb702620) thrown at [C:\workspace\8-2-build-windows-amd64-cygwin\jdk8u31\2394\hotspot\src\share\vm\prims\jvm.cpp, line 1312]
Event: 3.082 Thread 0x0000000002c10800 Exception <a 'java/security/PrivilegedActionException'> (0x00000000eb7f5e58) thrown at [C:\workspace\8-2-build-windows-amd64-cygwin\jdk8u31\2394\hotspot\src\share\vm\prims\jvm.cpp, line 1312]
Event: 3.089 Thread 0x0000000002c10800 Exception <a 'java/security/PrivilegedActionException'> (0x00000000eb7f8680) thrown at [C:\workspace\8-2-build-windows-amd64-cygwin\jdk8u31\2394\hotspot\src\share\vm\prims\jvm.cpp, line 1312]

Events (10 events):
Event: 3.245 Executing VM operation: ForceSafepoint
Event: 3.245 Executing VM operation: ForceSafepoint done
Event: 3.246 loading class java/util/TreeMap$EntrySet
Event: 3.246 loading class java/util/TreeMap$EntrySet done
Event: 3.246 loading class java/util/TreeMap$EntryIterator
Event: 3.246 loading class java/util/TreeMap$EntryIterator done
Event: 3.342 loading class java/util/DualPivotQuicksort
Event: 3.342 loading class java/util/DualPivotQuicksort done
Event: 3.891 Executing VM operation: ParallelGCFailedAllocation
Event: 4.025 Executing VM operation: ParallelGCFailedAllocation done


Dynamic libraries:
0x000007f6b8260000 - 0x000007f6b8294000 	C:\Program Files\Java\jdk1.8.0_31\bin\java.exe
0x000007f993640000 - 0x000007f9937fe000 	C:\Windows\SYSTEM32\ntdll.dll
0x000007f9930c0000 - 0x000007f9931f6000 	C:\Windows\system32\KERNEL32.DLL
0x000007f990670000 - 0x000007f990763000 	C:\Windows\system32\KERNELBASE.dll
0x000007f991400000 - 0x000007f9914de000 	C:\Windows\system32\ADVAPI32.dll
0x000007f992840000 - 0x000007f99298c000 	C:\Windows\system32\USER32.dll
0x000007f98e3d0000 - 0x000007f98e639000 	C:\Windows\WinSxS\amd64_microsoft.windows.common-controls_6595b64144ccf1df_6.0.9200.16384_none_418c2a697189c07f\COMCTL32.dll
0x000007f993590000 - 0x000007f993635000 	C:\Windows\system32\msvcrt.dll
0x000007f993530000 - 0x000007f993578000 	C:\Windows\SYSTEM32\sechost.dll
0x000007f992b30000 - 0x000007f992c70000 	C:\Windows\system32\RPCRT4.dll
0x000007f990fc0000 - 0x000007f991100000 	C:\Windows\system32\GDI32.dll
0x000007f9927d0000 - 0x000007f992809000 	C:\Windows\system32\IMM32.DLL
0x000007f990cb0000 - 0x000007f990dc4000 	C:\Windows\system32\MSCTF.dll
0x0000000052bb0000 - 0x0000000052c82000 	C:\Program Files\Java\jdk1.8.0_31\jre\bin\msvcr100.dll
0x0000000051bf0000 - 0x000000005244a000 	C:\Program Files\Java\jdk1.8.0_31\jre\bin\server\jvm.dll
0x000007f98bb50000 - 0x000007f98bb59000 	C:\Windows\SYSTEM32\WSOCK32.dll
0x000007f988c80000 - 0x000007f988ca0000 	C:\Windows\SYSTEM32\WINMM.dll
0x000007f992830000 - 0x000007f992837000 	C:\Windows\system32\PSAPI.DLL
0x000007f991330000 - 0x000007f991388000 	C:\Windows\system32\WS2_32.dll
0x000007f988c40000 - 0x000007f988c72000 	C:\Windows\SYSTEM32\WINMMBASE.dll
0x000007f993580000 - 0x000007f993589000 	C:\Windows\system32\NSI.dll
0x0000000052ba0000 - 0x0000000052baf000 	C:\Program Files\Java\jdk1.8.0_31\jre\bin\verify.dll
0x0000000052b70000 - 0x0000000052b98000 	C:\Program Files\Java\jdk1.8.0_31\jre\bin\java.dll
0x0000000052b50000 - 0x0000000052b66000 	C:\Program Files\Java\jdk1.8.0_31\jre\bin\zip.dll
0x000007f9914e0000 - 0x000007f9927c5000 	C:\Windows\system32\SHELL32.dll
0x000007f990ab0000 - 0x000007f990c60000 	C:\Windows\SYSTEM32\combase.dll
0x000007f990c60000 - 0x000007f990cb0000 	C:\Windows\system32\SHLWAPI.dll
0x000007f98e830000 - 0x000007f98e8c6000 	C:\Windows\SYSTEM32\SHCORE.dll
0x000007f990570000 - 0x000007f990585000 	C:\Windows\SYSTEM32\profapi.dll

VM Arguments:
jvm_args: -Djava.awt.headless=true -Xmx1024M -Dfile.encoding=windows-1252 -Duser.country=BR -Duser.language=pt -Duser.variant 
java_command: com.android.dx.command.Main --dex --force-jumbo --num-threads=4 --multi-dex --output C:\Users\Anderson\AndroidStudioProjects\FilaDeAtendimentoAndroid\app\build\intermediates\transforms\dex\debug\folders\1000\10\library-1.0.19_afabf96788d328a8ec351ce71e646480eb526b2a C:\Users\Anderson\.gradle\caches\modules-2\files-2.1\com.mcxiaoke.volley\library\1.0.19\a8f23f65fc1e522ee4a1a697ee569901a46741fa\library-1.0.19.jar
java_class_path (initial): C:\Users\Anderson\AppData\Local\Android\sdk\build-tools\24.0.1\lib\dx.jar
Launcher Type: SUN_STANDARD

Environment Variables:
PATH=C:\Windows\System32;C:\Program Files (x86)\nodejs\;C:\Windows\system32\config\systemprofile\.dnx\bin;C:\Program Files\Microsoft DNX\Dnvm\;C:\Program Files (x86)\Windows Kits\8.1\Windows Performance Toolkit\;C:\Program Files\Microsoft SQL Server\130\Tools\Binn\;C:\Go\bin;C:\Program Files\swipl\bin;C:\Users\Anderson\AppData\Local\Programs\Python\Python35-32\Scripts\;C:\Users\Anderson\AppData\Local\Programs\Python\Python35-32\;C:\Program Files (x86)\Java\jre7\bin;C:\Users\Anderson\AppData\Roaming\npm
USERNAME=Anderson
OS=Windows_NT
PROCESSOR_IDENTIFIER=Intel64 Family 6 Model 58 Stepping 9, GenuineIntel



---------------  S Y S T E M  ---------------

OS: Windows 8 , 64 bit Build 9200 

CPU:total 4 (2 cores per cpu, 2 threads per core) family 6 model 58 stepping 9, cmov, cx8, fxsr, mmx, sse, sse2, sse3, ssse3, sse4.1, sse4.2, popcnt, avx, aes, clmul, erms, ht, tsc, tscinvbit, tscinv

Memory: 4k page, physical 6102292k(1011000k free), swap 6102292k(5160k free)

vm_info: Java HotSpot(TM) 64-Bit Server VM (25.31-b07) for windows-amd64 JRE (1.8.0_31-b13), built on Dec 17 2014 21:00:28 by "java_re" with MS VC++ 10.0 (VS2010)

time: Fri Sep 02 16:39:43 2016
elapsed time: 4 seconds (0d 0h 0m 4s)

