#
# There is insufficient memory for the Java Runtime Environment to continue.
# Native memory allocation (malloc) failed to allocate 131088 bytes for Chunk::new
# Possible reasons:
#   The system is out of physical RAM or swap space
#   In 32 bit mode, the process size limit was hit
# Possible solutions:
#   Reduce memory load on the system
#   Increase physical memory or swap space
#   Check if swap backing store is full
#   Use 64 bit Java on a 64 bit OS
#   Decrease Java heap size (-Xmx/-Xms)
#   Decrease number of Java threads
#   Decrease Java thread stack sizes (-Xss)
#   Set larger code cache with -XX:ReservedCodeCacheSize=
# This output file may be truncated or incomplete.
#
#  Out of Memory Error (allocation.cpp:390), pid=3084, tid=4664
#
# JRE version: Java(TM) SE Runtime Environment (8.0_31-b13) (build 1.8.0_31-b13)
# Java VM: Java HotSpot(TM) 64-Bit Server VM (25.31-b07 mixed mode windows-amd64 compressed oops)
# Failed to write core dump. Minidumps are not enabled by default on client versions of Windows
#

---------------  T H R E A D  ---------------

Current thread (0x000000001500d000):  JavaThread "C2 CompilerThread0" daemon [_thread_in_native, id=4664, stack(0x0000000016570000,0x0000000016670000)]

Stack: [0x0000000016570000,0x0000000016670000]
Native frames: (J=compiled Java code, j=interpreted, Vv=VM code, C=native code)
V  [jvm.dll+0x3169ba]
V  [jvm.dll+0x2674c3]
V  [jvm.dll+0x268103]
V  [jvm.dll+0x25f8f5]
V  [jvm.dll+0xbf025]
V  [jvm.dll+0xbf4cc]
V  [jvm.dll+0x4e69e5]
V  [jvm.dll+0x4e6f3f]
V  [jvm.dll+0x453bb0]
V  [jvm.dll+0x437c62]
V  [jvm.dll+0x988e2]
V  [jvm.dll+0x990d3]
V  [jvm.dll+0x22c194]
V  [jvm.dll+0x28576a]
C  [msvcr100.dll+0x21d9f]
C  [msvcr100.dll+0x21e3b]
C  [KERNEL32.DLL+0x167e]
C  [ntdll.dll+0x1c3f1]


Current CompileTask:
C2:   2949 1290   !   4       com.android.dx.cf.code.BytecodeArray::parseInstruction (2764 bytes)


---------------  P R O C E S S  ---------------

Java Threads: ( => current thread )
  0x0000000016b0a800 JavaThread "pool-2-thread-4" [_thread_in_Java, id=1076, stack(0x0000000017a70000,0x0000000017b70000)]
  0x0000000016ba0000 JavaThread "pool-2-thread-3" [_thread_in_Java, id=2548, stack(0x0000000017970000,0x0000000017a70000)]
  0x0000000016baf800 JavaThread "pool-2-thread-2" [_thread_blocked, id=1600, stack(0x0000000017870000,0x0000000017970000)]
  0x0000000016bad000 JavaThread "pool-3-thread-1" [_thread_blocked, id=772, stack(0x0000000017770000,0x0000000017870000)]
  0x0000000016ac3000 JavaThread "pool-2-thread-1" [_thread_blocked, id=4284, stack(0x0000000017670000,0x0000000017770000)]
  0x0000000016873000 JavaThread "Service Thread" daemon [_thread_blocked, id=4632, stack(0x0000000016c70000,0x0000000016d70000)]
  0x0000000015040800 JavaThread "C1 CompilerThread2" daemon [_thread_blocked, id=2080, stack(0x0000000016770000,0x0000000016870000)]
  0x0000000015020800 JavaThread "C2 CompilerThread1" daemon [_thread_blocked, id=520, stack(0x0000000016670000,0x0000000016770000)]
=>0x000000001500d000 JavaThread "C2 CompilerThread0" daemon [_thread_in_native, id=4664, stack(0x0000000016570000,0x0000000016670000)]
  0x000000001500a800 JavaThread "Attach Listener" daemon [_thread_blocked, id=1596, stack(0x0000000016470000,0x0000000016570000)]
  0x0000000015009000 JavaThread "Signal Dispatcher" daemon [_thread_blocked, id=4764, stack(0x0000000016370000,0x0000000016470000)]
  0x0000000014fd8800 JavaThread "Finalizer" daemon [_thread_blocked, id=336, stack(0x0000000016270000,0x0000000016370000)]
  0x000000000292d800 JavaThread "Reference Handler" daemon [_thread_blocked, id=4608, stack(0x0000000016170000,0x0000000016270000)]
  0x0000000002840800 JavaThread "main" [_thread_blocked, id=4852, stack(0x00000000023c0000,0x00000000024c0000)]

Other Threads:
  0x0000000014fd6000 VMThread [stack: 0x0000000016070000,0x0000000016170000] [id=1324]
  0x0000000016877000 WatcherThread [stack: 0x0000000016d70000,0x0000000016e70000] [id=4956]

VM state:not at safepoint (normal execution)

VM Mutex/Monitor currently owned by a thread: None

Heap:
 PSYoungGen      total 28160K, used 17384K [0x00000000eab00000, 0x00000000ee200000, 0x0000000100000000)
  eden space 24576K, 56% used [0x00000000eab00000,0x00000000eb87b588,0x00000000ec300000)
  from space 3584K, 99% used [0x00000000ec680000,0x00000000ec9feaa8,0x00000000eca00000)
  to   space 3584K, 0% used [0x00000000ec300000,0x00000000ec300000,0x00000000ec680000)
 ParOldGen       total 64512K, used 4970K [0x00000000c0000000, 0x00000000c3f00000, 0x00000000eab00000)
  object space 64512K, 7% used [0x00000000c0000000,0x00000000c04dab60,0x00000000c3f00000)
 Metaspace       used 6063K, capacity 7024K, committed 7296K, reserved 1056768K
  class space    used 586K, capacity 616K, committed 640K, reserved 1048576K

Card table byte_map: [0x0000000011d00000,0x0000000011f10000] byte_map_base: 0x0000000011700000

Marking Bits: (ParMarkBitMap*) 0x00000000523cd4f0
 Begin Bits: [0x0000000012470000, 0x0000000013470000)
 End Bits:   [0x0000000013470000, 0x0000000014470000)

Polling page: 0x0000000000b90000

CodeCache: size=245760Kb used=4888Kb max_used=4901Kb free=240871Kb
 bounds [0x0000000002940000, 0x0000000002e10000, 0x0000000011940000]
 total_blobs=1544 nmethods=1281 adapters=176
 compilation: disabled (not enough contiguous free space left)

Compilation events (10 events):
Event: 2.576 Thread 0x0000000015040800 nmethod 1280 0x0000000002e07850 code [0x0000000002e079e0, 0x0000000002e07d68]
Event: 2.576 Thread 0x0000000015040800 1281  s    3       com.android.dx.dex.file.StringIdsSection::intern (53 bytes)
Event: 2.577 Thread 0x000000001500d000 nmethod 1278 0x0000000002dfdfd0 code [0x0000000002dfe100, 0x0000000002dfe1d8]
Event: 2.577 Thread 0x0000000015040800 nmethod 1281 0x0000000002e09d10 code [0x0000000002e09ee0, 0x0000000002e0a838]
Event: 2.577 Thread 0x0000000015040800 1282       3       java.io.DataInputStream::<init> (30 bytes)
Event: 2.577 Thread 0x0000000015040800 nmethod 1282 0x0000000002e095d0 code [0x0000000002e09740, 0x0000000002e09b90]
Event: 2.578 Thread 0x0000000015040800 1283       3       com.android.dx.rop.code.AccessFlags::isStatic (13 bytes)
Event: 2.578 Thread 0x0000000015040800 nmethod 1283 0x0000000002e09250 code [0x0000000002e093a0, 0x0000000002e09530]
Event: 2.579 Thread 0x0000000015040800 1287   !   3       com.android.dx.cf.direct.AttributeListParser::parse (323 bytes)
Event: 2.580 Thread 0x000000001500d000 1290   !   4       com.android.dx.cf.code.BytecodeArray::parseInstruction (2764 bytes)

GC Heap History (2 events):
Event: 1.646 GC heap before
{Heap before GC invocations=1 (full 0):
 PSYoungGen      total 28160K, used 24576K [0x00000000eab00000, 0x00000000eca00000, 0x0000000100000000)
  eden space 24576K, 100% used [0x00000000eab00000,0x00000000ec300000,0x00000000ec300000)
  from space 3584K, 0% used [0x00000000ec680000,0x00000000ec680000,0x00000000eca00000)
  to   space 3584K, 0% used [0x00000000ec300000,0x00000000ec300000,0x00000000ec680000)
 ParOldGen       total 64512K, used 0K [0x00000000c0000000, 0x00000000c3f00000, 0x00000000eab00000)
  object space 64512K, 0% used [0x00000000c0000000,0x00000000c0000000,0x00000000c3f00000)
 Metaspace       used 5819K, capacity 6768K, committed 7040K, reserved 1056768K
  class space    used 584K, capacity 616K, committed 640K, reserved 1048576K
Event: 2.032 GC heap after
Heap after GC invocations=1 (full 0):
 PSYoungGen      total 28160K, used 3558K [0x00000000eab00000, 0x00000000eca00000, 0x0000000100000000)
  eden space 24576K, 0% used [0x00000000eab00000,0x00000000eab00000,0x00000000ec300000)
  from space 3584K, 99% used [0x00000000ec300000,0x00000000ec679a80,0x00000000ec680000)
  to   space 3584K, 0% used [0x00000000ec680000,0x00000000ec680000,0x00000000eca00000)
 ParOldGen       total 64512K, used 1331K [0x00000000c0000000, 0x00000000c3f00000, 0x00000000eab00000)
  object space 64512K, 2% used [0x00000000c0000000,0x00000000c014cc18,0x00000000c3f00000)
 Metaspace       used 5819K, capacity 6768K, committed 7040K, reserved 1056768K
  class space    used 584K, capacity 616K, committed 640K, reserved 1048576K
}

Deoptimization events (1 events):
Event: 1.593 Thread 0x0000000016baf800 Uncommon trap: reason=null_check action=make_not_entrant pc=0x0000000002c7af40 method=com.android.dx.ssa.SsaRenamer.getLocalForNewReg(I)Lcom/android/dx/rop/code/LocalItem; @ 19

Internal exceptions (10 events):
Event: 0.930 Thread 0x0000000016baf800 Exception <a 'java/security/PrivilegedActionException'> (0x00000000eb1fbe08) thrown at [C:\workspace\8-2-build-windows-amd64-cygwin\jdk8u31\2394\hotspot\src\share\vm\prims\jvm.cpp, line 1312]
Event: 0.990 Thread 0x0000000002840800 Exception <a 'java/security/PrivilegedActionException'> (0x00000000eb805ea0) thrown at [C:\workspace\8-2-build-windows-amd64-cygwin\jdk8u31\2394\hotspot\src\share\vm\prims\jvm.cpp, line 1312]
Event: 0.991 Thread 0x0000000002840800 Exception <a 'java/security/PrivilegedActionException'> (0x00000000eb80d1f8) thrown at [C:\workspace\8-2-build-windows-amd64-cygwin\jdk8u31\2394\hotspot\src\share\vm\prims\jvm.cpp, line 1312]
Event: 0.992 Thread 0x0000000016ac3000 Exception <a 'java/security/PrivilegedActionException'> (0x00000000eb6619b0) thrown at [C:\workspace\8-2-build-windows-amd64-cygwin\jdk8u31\2394\hotspot\src\share\vm\prims\jvm.cpp, line 1312]
Event: 1.005 Thread 0x0000000016baf800 Exception <a 'java/security/PrivilegedActionException'> (0x00000000eb8a0330) thrown at [C:\workspace\8-2-build-windows-amd64-cygwin\jdk8u31\2394\hotspot\src\share\vm\prims\jvm.cpp, line 1312]
Event: 1.560 Thread 0x0000000002840800 Exception <a 'java/security/PrivilegedActionException'> (0x00000000ec07b978) thrown at [C:\workspace\8-2-build-windows-amd64-cygwin\jdk8u31\2394\hotspot\src\share\vm\prims\jvm.cpp, line 1312]
Event: 1.561 Thread 0x0000000002840800 Exception <a 'java/security/PrivilegedActionException'> (0x00000000ec07de48) thrown at [C:\workspace\8-2-build-windows-amd64-cygwin\jdk8u31\2394\hotspot\src\share\vm\prims\jvm.cpp, line 1312]
Event: 1.562 Thread 0x0000000002840800 Exception <a 'java/security/PrivilegedActionException'> (0x00000000ec088158) thrown at [C:\workspace\8-2-build-windows-amd64-cygwin\jdk8u31\2394\hotspot\src\share\vm\prims\jvm.cpp, line 1312]
Event: 1.563 Thread 0x0000000002840800 Exception <a 'java/security/PrivilegedActionException'> (0x00000000ec08a878) thrown at [C:\workspace\8-2-build-windows-amd64-cygwin\jdk8u31\2394\hotspot\src\share\vm\prims\jvm.cpp, line 1312]
Event: 1.593 Thread 0x0000000016baf800 Implicit null exception at 0x0000000002c78f37 to 0x0000000002c7af19

Events (10 events):
Event: 1.561 loading class com/android/dx/cf/direct/AnnotationParser done
Event: 1.562 loading class com/android/dx/cf/attrib/AttRuntimeVisibleAnnotations
Event: 1.562 loading class com/android/dx/cf/attrib/AttRuntimeVisibleAnnotations done
Event: 1.562 loading class com/android/dx/cf/attrib/BaseAnnotations
Event: 1.562 loading class com/android/dx/cf/attrib/BaseAnnotations done
Event: 1.593 Thread 0x0000000016baf800 Uncommon trap: trap_request=0xfffffff4 fr.pc=0x0000000002c7af40
Event: 1.593 Thread 0x0000000016baf800 DEOPT PACKING pc=0x0000000002c7af40 sp=0x000000001796eac0
Event: 1.593 Thread 0x0000000016baf800 DEOPT UNPACKING pc=0x000000000298556a sp=0x000000001796e8f8 mode 2
Event: 1.605 Executing VM operation: ParallelGCFailedAllocation
Event: 2.032 Executing VM operation: ParallelGCFailedAllocation done


Dynamic libraries:
0x000007f6b8260000 - 0x000007f6b8294000 	C:\Program Files\Java\jdk1.8.0_31\bin\java.exe
0x000007f993640000 - 0x000007f9937fe000 	C:\Windows\SYSTEM32\ntdll.dll
0x000007f9930c0000 - 0x000007f9931f6000 	C:\Windows\system32\KERNEL32.DLL
0x000007f990670000 - 0x000007f990763000 	C:\Windows\system32\KERNELBASE.dll
0x000007f991400000 - 0x000007f9914de000 	C:\Windows\system32\ADVAPI32.dll
0x000007f992840000 - 0x000007f99298c000 	C:\Windows\system32\USER32.dll
0x000007f98e3d0000 - 0x000007f98e639000 	C:\Windows\WinSxS\amd64_microsoft.windows.common-controls_6595b64144ccf1df_6.0.9200.16384_none_418c2a697189c07f\COMCTL32.dll
0x000007f993590000 - 0x000007f993635000 	C:\Windows\system32\msvcrt.dll
0x000007f993530000 - 0x000007f993578000 	C:\Windows\SYSTEM32\sechost.dll
0x000007f992b30000 - 0x000007f992c70000 	C:\Windows\system32\RPCRT4.dll
0x000007f990fc0000 - 0x000007f991100000 	C:\Windows\system32\GDI32.dll
0x000007f9927d0000 - 0x000007f992809000 	C:\Windows\system32\IMM32.DLL
0x000007f990cb0000 - 0x000007f990dc4000 	C:\Windows\system32\MSCTF.dll
0x0000000052bb0000 - 0x0000000052c82000 	C:\Program Files\Java\jdk1.8.0_31\jre\bin\msvcr100.dll
0x0000000051bf0000 - 0x000000005244a000 	C:\Program Files\Java\jdk1.8.0_31\jre\bin\server\jvm.dll
0x000007f98bb50000 - 0x000007f98bb59000 	C:\Windows\SYSTEM32\WSOCK32.dll
0x000007f988c80000 - 0x000007f988ca0000 	C:\Windows\SYSTEM32\WINMM.dll
0x000007f992830000 - 0x000007f992837000 	C:\Windows\system32\PSAPI.DLL
0x000007f991330000 - 0x000007f991388000 	C:\Windows\system32\WS2_32.dll
0x000007f988c40000 - 0x000007f988c72000 	C:\Windows\SYSTEM32\WINMMBASE.dll
0x000007f993580000 - 0x000007f993589000 	C:\Windows\system32\NSI.dll
0x0000000052ba0000 - 0x0000000052baf000 	C:\Program Files\Java\jdk1.8.0_31\jre\bin\verify.dll
0x0000000052b70000 - 0x0000000052b98000 	C:\Program Files\Java\jdk1.8.0_31\jre\bin\java.dll
0x0000000052b50000 - 0x0000000052b66000 	C:\Program Files\Java\jdk1.8.0_31\jre\bin\zip.dll
0x000007f9914e0000 - 0x000007f9927c5000 	C:\Windows\system32\SHELL32.dll
0x000007f990ab0000 - 0x000007f990c60000 	C:\Windows\SYSTEM32\combase.dll
0x000007f990c60000 - 0x000007f990cb0000 	C:\Windows\system32\SHLWAPI.dll
0x000007f98e830000 - 0x000007f98e8c6000 	C:\Windows\SYSTEM32\SHCORE.dll
0x000007f990570000 - 0x000007f990585000 	C:\Windows\SYSTEM32\profapi.dll
0x000007f984240000 - 0x000007f9843a3000 	C:\Windows\SYSTEM32\dbghelp.dll

VM Arguments:
jvm_args: -Djava.awt.headless=true -Xmx1024M -Dfile.encoding=windows-1252 -Duser.country=BR -Duser.language=pt -Duser.variant 
java_command: com.android.dx.command.Main --dex --force-jumbo --num-threads=4 --multi-dex --output C:\Users\Anderson\AndroidStudioProjects\FilaDeAtendimentoAndroid\app\build\intermediates\transforms\dex\debug\folders\1000\10\gson-2.2.4_313aff129984a0a45e086871ec03bfcc02e7284e C:\Program Files\Android\Android Studio\gradle\m2repository\com\google\code\gson\gson\2.2.4\gson-2.2.4.jar
java_class_path (initial): C:\Users\Anderson\AppData\Local\Android\sdk\build-tools\24.0.1\lib\dx.jar
Launcher Type: SUN_STANDARD

Environment Variables:
PATH=C:\Windows\System32;C:\Program Files (x86)\nodejs\;C:\Windows\system32\config\systemprofile\.dnx\bin;C:\Program Files\Microsoft DNX\Dnvm\;C:\Program Files (x86)\Windows Kits\8.1\Windows Performance Toolkit\;C:\Program Files\Microsoft SQL Server\130\Tools\Binn\;C:\Go\bin;C:\Program Files\swipl\bin;C:\Users\Anderson\AppData\Local\Programs\Python\Python35-32\Scripts\;C:\Users\Anderson\AppData\Local\Programs\Python\Python35-32\;C:\Program Files (x86)\Java\jre7\bin;C:\Users\Anderson\AppData\Roaming\npm
USERNAME=Anderson
OS=Windows_NT
PROCESSOR_IDENTIFIER=Intel64 Family 6 Model 58 Stepping 9, GenuineIntel



---------------  S Y S T E M  ---------------

OS: Windows 8 , 64 bit Build 9200 

CPU:total 4 (2 cores per cpu, 2 threads per core) family 6 model 58 stepping 9, cmov, cx8, fxsr, mmx, sse, sse2, sse3, ssse3, sse4.1, sse4.2, popcnt, avx, aes, clmul, erms, ht, tsc, tscinvbit, tscinv

Memory: 4k page, physical 6102292k(1042040k free), swap 6102292k(188624k free)

vm_info: Java HotSpot(TM) 64-Bit Server VM (25.31-b07) for windows-amd64 JRE (1.8.0_31-b13), built on Dec 17 2014 21:00:28 by "java_re" with MS VC++ 10.0 (VS2010)

time: Fri Sep 02 16:39:52 2016
elapsed time: 2 seconds (0d 0h 0m 2s)

