#
# There is insufficient memory for the Java Runtime Environment to continue.
# Native memory allocation (malloc) failed to allocate 37920 bytes for Chunk::new
# Possible reasons:
#   The system is out of physical RAM or swap space
#   In 32 bit mode, the process size limit was hit
# Possible solutions:
#   Reduce memory load on the system
#   Increase physical memory or swap space
#   Check if swap backing store is full
#   Use 64 bit Java on a 64 bit OS
#   Decrease Java heap size (-Xmx/-Xms)
#   Decrease number of Java threads
#   Decrease Java thread stack sizes (-Xss)
#   Set larger code cache with -XX:ReservedCodeCacheSize=
# This output file may be truncated or incomplete.
#
#  Out of Memory Error (allocation.cpp:390), pid=4636, tid=5024
#
# JRE version: Java(TM) SE Runtime Environment (8.0_31-b13) (build 1.8.0_31-b13)
# Java VM: Java HotSpot(TM) 64-Bit Server VM (25.31-b07 mixed mode windows-amd64 compressed oops)
# Failed to write core dump. Minidumps are not enabled by default on client versions of Windows
#

---------------  T H R E A D  ---------------

Current thread (0x0000000015092000):  JavaThread "C1 CompilerThread2" daemon [_thread_in_native, id=5024, stack(0x00000000167f0000,0x00000000168f0000)]

Stack: [0x00000000167f0000,0x00000000168f0000]
Native frames: (J=compiled Java code, j=interpreted, Vv=VM code, C=native code)
V  [jvm.dll+0x3169ba]


Current CompileTask:
C1:   3685  614   !   3       com.android.dx.cf.code.RopperMachine::run (1550 bytes)


---------------  P R O C E S S  ---------------

Java Threads: ( => current thread )
  0x0000000016d2f000 JavaThread "pool-2-thread-4" [_thread_in_Java, id=4268, stack(0x00000000172f0000,0x00000000173f0000)]
  0x0000000016d2e800 JavaThread "pool-2-thread-3" [_thread_in_Java, id=4572, stack(0x00000000171f0000,0x00000000172f0000)]
  0x0000000016c95800 JavaThread "pool-2-thread-2" [_thread_in_Java, id=4948, stack(0x00000000170f0000,0x00000000171f0000)]
  0x0000000016c41800 JavaThread "pool-3-thread-1" [_thread_blocked, id=4500, stack(0x0000000016ff0000,0x00000000170f0000)]
  0x0000000016c41000 JavaThread "pool-2-thread-1" [_thread_in_Java, id=4932, stack(0x0000000016ef0000,0x0000000016ff0000)]
  0x0000000015096000 JavaThread "Service Thread" daemon [_thread_blocked, id=1184, stack(0x00000000168f0000,0x00000000169f0000)]
=>0x0000000015092000 JavaThread "C1 CompilerThread2" daemon [_thread_in_native, id=5024, stack(0x00000000167f0000,0x00000000168f0000)]
  0x000000001508f000 JavaThread "C2 CompilerThread1" daemon [_thread_blocked, id=1148, stack(0x00000000166f0000,0x00000000167f0000)]
  0x000000001508c800 JavaThread "C2 CompilerThread0" daemon [_thread_in_native, id=4184, stack(0x00000000165f0000,0x00000000166f0000)]
  0x000000001508a800 JavaThread "Attach Listener" daemon [_thread_blocked, id=4356, stack(0x00000000164f0000,0x00000000165f0000)]
  0x0000000015089000 JavaThread "Signal Dispatcher" daemon [_thread_blocked, id=4892, stack(0x00000000163f0000,0x00000000164f0000)]
  0x00000000029b0000 JavaThread "Finalizer" daemon [_thread_blocked, id=1036, stack(0x00000000162f0000,0x00000000163f0000)]
  0x00000000029ad800 JavaThread "Reference Handler" daemon [_thread_blocked, id=5008, stack(0x00000000161f0000,0x00000000162f0000)]
  0x00000000028c0800 JavaThread "main" [_thread_in_Java, id=4824, stack(0x00000000024e0000,0x00000000025e0000)]

Other Threads:
  0x0000000015056000 VMThread [stack: 0x00000000160f0000,0x00000000161f0000] [id=4804]
  0x0000000015099000 WatcherThread [stack: 0x00000000169f0000,0x0000000016af0000] [id=4080]

VM state:not at safepoint (normal execution)

VM Mutex/Monitor currently owned by a thread: None

Heap:
 PSYoungGen      total 28160K, used 14768K [0x00000000eab00000, 0x00000000eca00000, 0x0000000100000000)
  eden space 24576K, 60% used [0x00000000eab00000,0x00000000eb96c1d8,0x00000000ec300000)
  from space 3584K, 0% used [0x00000000ec680000,0x00000000ec680000,0x00000000eca00000)
  to   space 3584K, 0% used [0x00000000ec300000,0x00000000ec300000,0x00000000ec680000)
 ParOldGen       total 64512K, used 0K [0x00000000c0000000, 0x00000000c3f00000, 0x00000000eab00000)
  object space 64512K, 0% used [0x00000000c0000000,0x00000000c0000000,0x00000000c3f00000)
 Metaspace       used 5496K, capacity 6576K, committed 6784K, reserved 1056768K
  class space    used 576K, capacity 616K, committed 640K, reserved 1048576K

Card table byte_map: [0x0000000011d80000,0x0000000011f90000] byte_map_base: 0x0000000011780000

Marking Bits: (ParMarkBitMap*) 0x00000000523cd4f0
 Begin Bits: [0x00000000124f0000, 0x00000000134f0000)
 End Bits:   [0x00000000134f0000, 0x00000000144f0000)

Polling page: 0x00000000023d0000

CodeCache: size=245760Kb used=2478Kb max_used=2490Kb free=243281Kb
 bounds [0x00000000029c0000, 0x0000000002c30000, 0x00000000119c0000]
 total_blobs=887 nmethods=625 adapters=175
 compilation: disabled (not enough contiguous free space left)

Compilation events (10 events):
Event: 3.633 Thread 0x0000000015092000  604       1       com.android.dx.cf.code.RopperMachine::getPrimarySuccessorIndex (5 bytes)
Event: 3.633 Thread 0x0000000015092000 nmethod 604 0x0000000002c22b10 code [0x0000000002c22c60, 0x0000000002c22d70]
Event: 3.633 Thread 0x0000000015092000  612       3       com.android.dx.cf.code.LineNumberList::pcToLine (73 bytes)
Event: 3.634 Thread 0x0000000015092000 nmethod 612 0x0000000002c22010 code [0x0000000002c221c0, 0x0000000002c228a8]
Event: 3.634 Thread 0x0000000015092000  614   !   3       com.android.dx.cf.code.RopperMachine::run (1550 bytes)
Event: 3.637 Thread 0x000000001508c800 nmethod 607 0x0000000002c2c410 code [0x0000000002c2c580, 0x0000000002c2c968]
Event: 3.637 Thread 0x000000001508c800  619       4       com.android.dx.util.IntList::add (65 bytes)
Event: 3.641 Thread 0x000000001508c800 nmethod 619 0x0000000002c2ccd0 code [0x0000000002c2ce20, 0x0000000002c2d158]
Event: 3.641 Thread 0x000000001508c800  620       4       com.android.dx.util.IntList::growIfNeeded (46 bytes)
Event: 3.644 Thread 0x000000001508c800 nmethod 620 0x0000000002c290d0 code [0x0000000002c29220, 0x0000000002c29498]

GC Heap History (0 events):
No events

Deoptimization events (10 events):
Event: 2.229 Thread 0x0000000016d2f000 Uncommon trap: reason=class_check action=maybe_recompile pc=0x0000000002b75de8 method=com.android.dx.rop.cst.Constant.compareTo(Ljava/lang/Object;)I @ 2
Event: 2.229 Thread 0x0000000016d2f000 Uncommon trap: reason=class_check action=maybe_recompile pc=0x0000000002b75de8 method=com.android.dx.rop.cst.Constant.compareTo(Ljava/lang/Object;)I @ 2
Event: 2.467 Thread 0x00000000028c0800 Uncommon trap: reason=speculate_class_check action=maybe_recompile pc=0x0000000002b80244 method=com.android.dx.rop.cst.Constant.compareTo(Lcom/android/dx/rop/cst/Constant;)I @ 29
Event: 2.467 Thread 0x00000000028c0800 Uncommon trap: reason=speculate_class_check action=maybe_recompile pc=0x0000000002b80244 method=com.android.dx.rop.cst.Constant.compareTo(Lcom/android/dx/rop/cst/Constant;)I @ 29
Event: 2.467 Thread 0x00000000028c0800 Uncommon trap: reason=speculate_class_check action=maybe_recompile pc=0x0000000002b80244 method=com.android.dx.rop.cst.Constant.compareTo(Lcom/android/dx/rop/cst/Constant;)I @ 29
Event: 2.467 Thread 0x00000000028c0800 Uncommon trap: reason=speculate_class_check action=maybe_recompile pc=0x0000000002b80244 method=com.android.dx.rop.cst.Constant.compareTo(Lcom/android/dx/rop/cst/Constant;)I @ 29
Event: 3.619 Thread 0x0000000016c41000 Uncommon trap: reason=class_check action=maybe_recompile pc=0x0000000002b7c110 method=com.android.dx.rop.cst.CstMemberRef.compareTo0(Lcom/android/dx/rop/cst/Constant;)I @ 1
Event: 3.624 Thread 0x0000000016c95800 Uncommon trap: reason=class_check action=maybe_recompile pc=0x0000000002b7c110 method=com.android.dx.rop.cst.CstMemberRef.compareTo0(Lcom/android/dx/rop/cst/Constant;)I @ 1
Event: 3.624 Thread 0x0000000016c95800 Uncommon trap: reason=class_check action=maybe_recompile pc=0x0000000002b7c110 method=com.android.dx.rop.cst.CstMemberRef.compareTo0(Lcom/android/dx/rop/cst/Constant;)I @ 1
Event: 3.625 Thread 0x0000000016d2f000 Uncommon trap: reason=class_check action=maybe_recompile pc=0x0000000002b7c110 method=com.android.dx.rop.cst.CstMemberRef.compareTo0(Lcom/android/dx/rop/cst/Constant;)I @ 1

Internal exceptions (10 events):
Event: 3.446 Thread 0x0000000016d2e800 Exception <a 'java/security/PrivilegedActionException'> (0x00000000eb1a83f8) thrown at [C:\workspace\8-2-build-windows-amd64-cygwin\jdk8u31\2394\hotspot\src\share\vm\prims\jvm.cpp, line 1312]
Event: 3.454 Thread 0x0000000016c41000 Exception <a 'java/security/PrivilegedActionException'> (0x00000000eb661f28) thrown at [C:\workspace\8-2-build-windows-amd64-cygwin\jdk8u31\2394\hotspot\src\share\vm\prims\jvm.cpp, line 1312]
Event: 3.455 Thread 0x0000000016c41000 Exception <a 'java/security/PrivilegedActionException'> (0x00000000eb6681d0) thrown at [C:\workspace\8-2-build-windows-amd64-cygwin\jdk8u31\2394\hotspot\src\share\vm\prims\jvm.cpp, line 1312]
Event: 3.455 Thread 0x0000000016c41000 Exception <a 'java/security/PrivilegedActionException'> (0x00000000eb66c8c8) thrown at [C:\workspace\8-2-build-windows-amd64-cygwin\jdk8u31\2394\hotspot\src\share\vm\prims\jvm.cpp, line 1312]
Event: 3.614 Thread 0x0000000016c41000 Exception <a 'java/security/PrivilegedActionException'> (0x00000000eb672338) thrown at [C:\workspace\8-2-build-windows-amd64-cygwin\jdk8u31\2394\hotspot\src\share\vm\prims\jvm.cpp, line 1312]
Event: 3.616 Thread 0x0000000016c41000 Exception <a 'java/security/PrivilegedActionException'> (0x00000000eb67aff8) thrown at [C:\workspace\8-2-build-windows-amd64-cygwin\jdk8u31\2394\hotspot\src\share\vm\prims\jvm.cpp, line 1312]
Event: 3.618 Thread 0x0000000016c41000 Exception <a 'java/security/PrivilegedActionException'> (0x00000000eb6804b0) thrown at [C:\workspace\8-2-build-windows-amd64-cygwin\jdk8u31\2394\hotspot\src\share\vm\prims\jvm.cpp, line 1312]
Event: 3.618 Thread 0x0000000016c41000 Exception <a 'java/security/PrivilegedActionException'> (0x00000000eb6834c8) thrown at [C:\workspace\8-2-build-windows-amd64-cygwin\jdk8u31\2394\hotspot\src\share\vm\prims\jvm.cpp, line 1312]
Event: 3.620 Thread 0x0000000016c41000 Exception <a 'java/security/PrivilegedActionException'> (0x00000000eb686dc8) thrown at [C:\workspace\8-2-build-windows-amd64-cygwin\jdk8u31\2394\hotspot\src\share\vm\prims\jvm.cpp, line 1312]
Event: 3.634 Thread 0x00000000028c0800 Exception <a 'java/security/PrivilegedActionException'> (0x00000000eb52a4f8) thrown at [C:\workspace\8-2-build-windows-amd64-cygwin\jdk8u31\2394\hotspot\src\share\vm\prims\jvm.cpp, line 1312]

Events (10 events):
Event: 3.624 Thread 0x0000000016c95800 DEOPT PACKING pc=0x0000000002b7c110 sp=0x00000000171eeb10
Event: 3.624 Thread 0x0000000016c95800 DEOPT UNPACKING pc=0x0000000002a0556a sp=0x00000000171eea98 mode 2
Event: 3.624 Thread 0x0000000016c95800 Uncommon trap: trap_request=0xffffffde fr.pc=0x0000000002b7c110
Event: 3.624 Thread 0x0000000016c95800 DEOPT PACKING pc=0x0000000002b7c110 sp=0x00000000171eeae0
Event: 3.624 Thread 0x0000000016c95800 DEOPT UNPACKING pc=0x0000000002a0556a sp=0x00000000171eea68 mode 2
Event: 3.625 Thread 0x0000000016d2f000 Uncommon trap: trap_request=0xffffffde fr.pc=0x0000000002b7c110
Event: 3.625 Thread 0x0000000016d2f000 DEOPT PACKING pc=0x0000000002b7c110 sp=0x00000000173eea20
Event: 3.625 Thread 0x0000000016d2f000 DEOPT UNPACKING pc=0x0000000002a0556a sp=0x00000000173ee9a8 mode 2
Event: 3.634 loading class com/android/dx/cf/code/BytecodeArray$ConstantParserVisitor
Event: 3.634 loading class com/android/dx/cf/code/BytecodeArray$ConstantParserVisitor done


Dynamic libraries:
0x000007f6b8260000 - 0x000007f6b8294000 	C:\Program Files\Java\jdk1.8.0_31\bin\java.exe
0x000007f993640000 - 0x000007f9937fe000 	C:\Windows\SYSTEM32\ntdll.dll
0x000007f9930c0000 - 0x000007f9931f6000 	C:\Windows\system32\KERNEL32.DLL
0x000007f990670000 - 0x000007f990763000 	C:\Windows\system32\KERNELBASE.dll
0x000007f991400000 - 0x000007f9914de000 	C:\Windows\system32\ADVAPI32.dll
0x000007f992840000 - 0x000007f99298c000 	C:\Windows\system32\USER32.dll
0x000007f98e3d0000 - 0x000007f98e639000 	C:\Windows\WinSxS\amd64_microsoft.windows.common-controls_6595b64144ccf1df_6.0.9200.16384_none_418c2a697189c07f\COMCTL32.dll
0x000007f993590000 - 0x000007f993635000 	C:\Windows\system32\msvcrt.dll
0x000007f993530000 - 0x000007f993578000 	C:\Windows\SYSTEM32\sechost.dll
0x000007f992b30000 - 0x000007f992c70000 	C:\Windows\system32\RPCRT4.dll
0x000007f990fc0000 - 0x000007f991100000 	C:\Windows\system32\GDI32.dll
0x000007f9927d0000 - 0x000007f992809000 	C:\Windows\system32\IMM32.DLL
0x000007f990cb0000 - 0x000007f990dc4000 	C:\Windows\system32\MSCTF.dll
0x0000000052bb0000 - 0x0000000052c82000 	C:\Program Files\Java\jdk1.8.0_31\jre\bin\msvcr100.dll
0x0000000051bf0000 - 0x000000005244a000 	C:\Program Files\Java\jdk1.8.0_31\jre\bin\server\jvm.dll
0x000007f98bb50000 - 0x000007f98bb59000 	C:\Windows\SYSTEM32\WSOCK32.dll
0x000007f988c80000 - 0x000007f988ca0000 	C:\Windows\SYSTEM32\WINMM.dll
0x000007f992830000 - 0x000007f992837000 	C:\Windows\system32\PSAPI.DLL
0x000007f991330000 - 0x000007f991388000 	C:\Windows\system32\WS2_32.dll
0x000007f988c40000 - 0x000007f988c72000 	C:\Windows\SYSTEM32\WINMMBASE.dll
0x000007f993580000 - 0x000007f993589000 	C:\Windows\system32\NSI.dll
0x0000000052ba0000 - 0x0000000052baf000 	C:\Program Files\Java\jdk1.8.0_31\jre\bin\verify.dll
0x0000000052b70000 - 0x0000000052b98000 	C:\Program Files\Java\jdk1.8.0_31\jre\bin\java.dll
0x0000000052b50000 - 0x0000000052b66000 	C:\Program Files\Java\jdk1.8.0_31\jre\bin\zip.dll
0x000007f9914e0000 - 0x000007f9927c5000 	C:\Windows\system32\SHELL32.dll
0x000007f990ab0000 - 0x000007f990c60000 	C:\Windows\SYSTEM32\combase.dll
0x000007f990c60000 - 0x000007f990cb0000 	C:\Windows\system32\SHLWAPI.dll
0x000007f98e830000 - 0x000007f98e8c6000 	C:\Windows\SYSTEM32\SHCORE.dll
0x000007f990570000 - 0x000007f990585000 	C:\Windows\SYSTEM32\profapi.dll

VM Arguments:
jvm_args: -Djava.awt.headless=true -Xmx1024M -Dfile.encoding=windows-1252 -Duser.country=BR -Duser.language=pt -Duser.variant 
java_command: com.android.dx.command.Main --dex --force-jumbo --num-threads=4 --multi-dex --output C:\Users\Anderson\AndroidStudioProjects\FilaDeAtendimentoAndroid\app\build\intermediates\transforms\dex\debug\folders\1000\5\slice_0 C:\Users\Anderson\AndroidStudioProjects\FilaDeAtendimentoAndroid\app\build\intermediates\transforms\instantRunSlicer\debug\folders\1\5\slice_0
java_class_path (initial): C:\Users\Anderson\AppData\Local\Android\sdk\build-tools\24.0.1\lib\dx.jar
Launcher Type: SUN_STANDARD

Environment Variables:
PATH=C:\Windows\System32;C:\Program Files (x86)\nodejs\;C:\Windows\system32\config\systemprofile\.dnx\bin;C:\Program Files\Microsoft DNX\Dnvm\;C:\Program Files (x86)\Windows Kits\8.1\Windows Performance Toolkit\;C:\Program Files\Microsoft SQL Server\130\Tools\Binn\;C:\Go\bin;C:\Program Files\swipl\bin;C:\Users\Anderson\AppData\Local\Programs\Python\Python35-32\Scripts\;C:\Users\Anderson\AppData\Local\Programs\Python\Python35-32\;C:\Program Files (x86)\Java\jre7\bin;C:\Users\Anderson\AppData\Roaming\npm
USERNAME=Anderson
OS=Windows_NT
PROCESSOR_IDENTIFIER=Intel64 Family 6 Model 58 Stepping 9, GenuineIntel



---------------  S Y S T E M  ---------------

OS: Windows 8 , 64 bit Build 9200 

CPU:total 4 (2 cores per cpu, 2 threads per core) family 6 model 58 stepping 9, cmov, cx8, fxsr, mmx, sse, sse2, sse3, ssse3, sse4.1, sse4.2, popcnt, avx, aes, clmul, erms, ht, tsc, tscinvbit, tscinv

Memory: 4k page, physical 6102292k(958824k free), swap 6102292k(4216k free)

vm_info: Java HotSpot(TM) 64-Bit Server VM (25.31-b07) for windows-amd64 JRE (1.8.0_31-b13), built on Dec 17 2014 21:00:28 by "java_re" with MS VC++ 10.0 (VS2010)

time: Fri Sep 02 16:39:56 2016
elapsed time: 3 seconds (0d 0h 0m 3s)

