#
# There is insufficient memory for the Java Runtime Environment to continue.
# Native memory allocation (malloc) failed to allocate 1119936 bytes for Chunk::new
# Possible reasons:
#   The system is out of physical RAM or swap space
#   In 32 bit mode, the process size limit was hit
# Possible solutions:
#   Reduce memory load on the system
#   Increase physical memory or swap space
#   Check if swap backing store is full
#   Use 64 bit Java on a 64 bit OS
#   Decrease Java heap size (-Xmx/-Xms)
#   Decrease number of Java threads
#   Decrease Java thread stack sizes (-Xss)
#   Set larger code cache with -XX:ReservedCodeCacheSize=
# This output file may be truncated or incomplete.
#
#  Out of Memory Error (allocation.cpp:390), pid=3512, tid=4660
#
# JRE version: Java(TM) SE Runtime Environment (8.0_31-b13) (build 1.8.0_31-b13)
# Java VM: Java HotSpot(TM) 64-Bit Server VM (25.31-b07 mixed mode windows-amd64 compressed oops)
# Failed to write core dump. Minidumps are not enabled by default on client versions of Windows
#

---------------  T H R E A D  ---------------

Current thread (0x0000000014d7e000):  JavaThread "C2 CompilerThread0" daemon [_thread_in_native, id=4660, stack(0x00000000162d0000,0x00000000163d0000)]

Stack: [0x00000000162d0000,0x00000000163d0000]
Native frames: (J=compiled Java code, j=interpreted, Vv=VM code, C=native code)
V  [jvm.dll+0x3169ba]


Current CompileTask:
C2:   4879 1637       4       com.android.dx.ssa.SsaRenamer$BlockRenamer::process (191 bytes)


---------------  P R O C E S S  ---------------

Java Threads: ( => current thread )
  0x0000000016889000 JavaThread "pool-2-thread-4" [_thread_blocked, id=4988, stack(0x00000000177d0000,0x00000000178d0000)]
  0x00000000169cd800 JavaThread "pool-2-thread-3" [_thread_blocked, id=5060, stack(0x00000000176d0000,0x00000000177d0000)]
  0x00000000169c5800 JavaThread "pool-2-thread-2" [_thread_blocked, id=4844, stack(0x00000000175d0000,0x00000000176d0000)]
  0x0000000016896000 JavaThread "pool-3-thread-1" [_thread_blocked, id=4792, stack(0x00000000174d0000,0x00000000175d0000)]
  0x0000000016893800 JavaThread "pool-2-thread-1" [_thread_blocked, id=2012, stack(0x00000000173d0000,0x00000000174d0000)]
  0x00000000165d4800 JavaThread "Service Thread" daemon [_thread_blocked, id=1408, stack(0x00000000169d0000,0x0000000016ad0000)]
  0x0000000014ddb800 JavaThread "C1 CompilerThread2" daemon [_thread_blocked, id=3144, stack(0x00000000164d0000,0x00000000165d0000)]
  0x0000000014dd8800 JavaThread "C2 CompilerThread1" daemon [_thread_in_native, id=1312, stack(0x00000000163d0000,0x00000000164d0000)]
=>0x0000000014d7e000 JavaThread "C2 CompilerThread0" daemon [_thread_in_native, id=4660, stack(0x00000000162d0000,0x00000000163d0000)]
  0x0000000014d7b800 JavaThread "Attach Listener" daemon [_thread_blocked, id=616, stack(0x00000000161d0000,0x00000000162d0000)]
  0x0000000014d7a000 JavaThread "Signal Dispatcher" daemon [_thread_blocked, id=5068, stack(0x00000000160d0000,0x00000000161d0000)]
  0x0000000014d48800 JavaThread "Finalizer" daemon [_thread_blocked, id=164, stack(0x0000000015fd0000,0x00000000160d0000)]
  0x000000000269e800 JavaThread "Reference Handler" daemon [_thread_blocked, id=4960, stack(0x0000000015ed0000,0x0000000015fd0000)]
  0x00000000025b0800 JavaThread "main" [_thread_in_vm, id=3544, stack(0x0000000002140000,0x0000000002240000)]

Other Threads:
  0x0000000014d46000 VMThread [stack: 0x0000000015dd0000,0x0000000015ed0000] [id=5040]
  0x00000000165d6800 WatcherThread [stack: 0x0000000016ad0000,0x0000000016bd0000] [id=3056]

VM state:not at safepoint (normal execution)

VM Mutex/Monitor currently owned by a thread: None

Heap:
 PSYoungGen      total 52736K, used 16096K [0x00000000eab00000, 0x00000000ee200000, 0x0000000100000000)
  eden space 49152K, 25% used [0x00000000eab00000,0x00000000eb73ceb0,0x00000000edb00000)
  from space 3584K, 99% used [0x00000000ede80000,0x00000000ee1fb328,0x00000000ee200000)
  to   space 3584K, 0% used [0x00000000edb00000,0x00000000edb00000,0x00000000ede80000)
 ParOldGen       total 64512K, used 10697K [0x00000000c0000000, 0x00000000c3f00000, 0x00000000eab00000)
  object space 64512K, 16% used [0x00000000c0000000,0x00000000c0a72578,0x00000000c3f00000)
 Metaspace       used 6167K, capacity 7088K, committed 7296K, reserved 1056768K
  class space    used 589K, capacity 616K, committed 640K, reserved 1048576K

Card table byte_map: [0x0000000011a70000,0x0000000011c80000] byte_map_base: 0x0000000011470000

Marking Bits: (ParMarkBitMap*) 0x00000000523cd4f0
 Begin Bits: [0x00000000121e0000, 0x00000000131e0000)
 End Bits:   [0x00000000131e0000, 0x00000000141e0000)

Polling page: 0x00000000020d0000

CodeCache: size=245760Kb used=7017Kb max_used=7017Kb free=238742Kb
 bounds [0x00000000026b0000, 0x0000000002d90000, 0x00000000116b0000]
 total_blobs=1931 nmethods=1668 adapters=176
 compilation: disabled (not enough contiguous free space left)

Compilation events (10 events):
Event: 4.053 Thread 0x0000000014ddb800 1652       3       com.android.dx.ssa.back.FirstFitLocalCombiningAllocator$1::<init> (10 bytes)
Event: 4.053 Thread 0x0000000014ddb800 nmethod 1652 0x0000000002d7e3d0 code [0x0000000002d7e520, 0x0000000002d7e6f0]
Event: 4.053 Thread 0x0000000014ddb800 1655       3       com.android.dx.ssa.SsaMethod::setBackMode (16 bytes)
Event: 4.053 Thread 0x0000000014ddb800 nmethod 1655 0x0000000002d5ced0 code [0x0000000002d5d020, 0x0000000002d5d1b0]
Event: 4.053 Thread 0x0000000014ddb800 1656       3       com.android.dx.ssa.back.FirstFitLocalCombiningAllocator::wantsParamsMovedHigh (2 bytes)
Event: 4.053 Thread 0x0000000014ddb800 nmethod 1656 0x0000000002d28690 code [0x0000000002d287e0, 0x0000000002d28930]
Event: 4.064 Thread 0x0000000014ddb800 1657       3       com.android.dx.command.dexer.Main::access$1300 (4 bytes)
Event: 4.064 Thread 0x0000000014ddb800 nmethod 1657 0x0000000002d0ea90 code [0x0000000002d0ebe0, 0x0000000002d0ed10]
Event: 4.065 Thread 0x0000000014ddb800 1658       3       java.util.concurrent.locks.AbstractQueuedSynchronizer::compareAndSetState (13 bytes)
Event: 4.065 Thread 0x0000000014ddb800 nmethod 1658 0x0000000002d7e790 code [0x0000000002d7e8e0, 0x0000000002d7ea50]

GC Heap History (8 events):
Event: 1.922 GC heap before
{Heap before GC invocations=1 (full 0):
 PSYoungGen      total 28160K, used 24576K [0x00000000eab00000, 0x00000000eca00000, 0x0000000100000000)
  eden space 24576K, 100% used [0x00000000eab00000,0x00000000ec300000,0x00000000ec300000)
  from space 3584K, 0% used [0x00000000ec680000,0x00000000ec680000,0x00000000eca00000)
  to   space 3584K, 0% used [0x00000000ec300000,0x00000000ec300000,0x00000000ec680000)
 ParOldGen       total 64512K, used 0K [0x00000000c0000000, 0x00000000c3f00000, 0x00000000eab00000)
  object space 64512K, 0% used [0x00000000c0000000,0x00000000c0000000,0x00000000c3f00000)
 Metaspace       used 5436K, capacity 6448K, committed 6528K, reserved 1056768K
  class space    used 582K, capacity 616K, committed 640K, reserved 1048576K
Event: 1.927 GC heap after
Heap after GC invocations=1 (full 0):
 PSYoungGen      total 28160K, used 3430K [0x00000000eab00000, 0x00000000eca00000, 0x0000000100000000)
  eden space 24576K, 0% used [0x00000000eab00000,0x00000000eab00000,0x00000000ec300000)
  from space 3584K, 95% used [0x00000000ec300000,0x00000000ec6599e0,0x00000000ec680000)
  to   space 3584K, 0% used [0x00000000ec680000,0x00000000ec680000,0x00000000eca00000)
 ParOldGen       total 64512K, used 8K [0x00000000c0000000, 0x00000000c3f00000, 0x00000000eab00000)
  object space 64512K, 0% used [0x00000000c0000000,0x00000000c0002000,0x00000000c3f00000)
 Metaspace       used 5436K, capacity 6448K, committed 6528K, reserved 1056768K
  class space    used 582K, capacity 616K, committed 640K, reserved 1048576K
}
Event: 2.918 GC heap before
{Heap before GC invocations=2 (full 0):
 PSYoungGen      total 28160K, used 28006K [0x00000000eab00000, 0x00000000eca00000, 0x0000000100000000)
  eden space 24576K, 100% used [0x00000000eab00000,0x00000000ec300000,0x00000000ec300000)
  from space 3584K, 95% used [0x00000000ec300000,0x00000000ec6599e0,0x00000000ec680000)
  to   space 3584K, 0% used [0x00000000ec680000,0x00000000ec680000,0x00000000eca00000)
 ParOldGen       total 64512K, used 8K [0x00000000c0000000, 0x00000000c3f00000, 0x00000000eab00000)
  object space 64512K, 0% used [0x00000000c0000000,0x00000000c0002000,0x00000000c3f00000)
 Metaspace       used 6042K, capacity 7024K, committed 7296K, reserved 1056768K
  class space    used 589K, capacity 616K, committed 640K, reserved 1048576K
Event: 2.930 GC heap after
Heap after GC invocations=2 (full 0):
 PSYoungGen      total 28160K, used 3566K [0x00000000eab00000, 0x00000000eca00000, 0x0000000100000000)
  eden space 24576K, 0% used [0x00000000eab00000,0x00000000eab00000,0x00000000ec300000)
  from space 3584K, 99% used [0x00000000ec680000,0x00000000ec9fba10,0x00000000eca00000)
  to   space 3584K, 0% used [0x00000000ec300000,0x00000000ec300000,0x00000000ec680000)
 ParOldGen       total 64512K, used 2597K [0x00000000c0000000, 0x00000000c3f00000, 0x00000000eab00000)
  object space 64512K, 4% used [0x00000000c0000000,0x00000000c0289400,0x00000000c3f00000)
 Metaspace       used 6042K, capacity 7024K, committed 7296K, reserved 1056768K
  class space    used 589K, capacity 616K, committed 640K, reserved 1048576K
}
Event: 3.256 GC heap before
{Heap before GC invocations=3 (full 0):
 PSYoungGen      total 28160K, used 28142K [0x00000000eab00000, 0x00000000eca00000, 0x0000000100000000)
  eden space 24576K, 100% used [0x00000000eab00000,0x00000000ec300000,0x00000000ec300000)
  from space 3584K, 99% used [0x00000000ec680000,0x00000000ec9fba10,0x00000000eca00000)
  to   space 3584K, 0% used [0x00000000ec300000,0x00000000ec300000,0x00000000ec680000)
 ParOldGen       total 64512K, used 2597K [0x00000000c0000000, 0x00000000c3f00000, 0x00000000eab00000)
  object space 64512K, 4% used [0x00000000c0000000,0x00000000c0289400,0x00000000c3f00000)
 Metaspace       used 6085K, capacity 7024K, committed 7296K, reserved 1056768K
  class space    used 589K, capacity 616K, committed 640K, reserved 1048576K
Event: 3.268 GC heap after
Heap after GC invocations=3 (full 0):
 PSYoungGen      total 28160K, used 3571K [0x00000000eab00000, 0x00000000ee200000, 0x0000000100000000)
  eden space 24576K, 0% used [0x00000000eab00000,0x00000000eab00000,0x00000000ec300000)
  from space 3584K, 99% used [0x00000000ec300000,0x00000000ec67cc98,0x00000000ec680000)
  to   space 3584K, 0% used [0x00000000ede80000,0x00000000ede80000,0x00000000ee200000)
 ParOldGen       total 64512K, used 6764K [0x00000000c0000000, 0x00000000c3f00000, 0x00000000eab00000)
  object space 64512K, 10% used [0x00000000c0000000,0x00000000c069b3b8,0x00000000c3f00000)
 Metaspace       used 6085K, capacity 7024K, committed 7296K, reserved 1056768K
  class space    used 589K, capacity 616K, committed 640K, reserved 1048576K
}
Event: 3.840 GC heap before
{Heap before GC invocations=4 (full 0):
 PSYoungGen      total 28160K, used 28147K [0x00000000eab00000, 0x00000000ee200000, 0x0000000100000000)
  eden space 24576K, 100% used [0x00000000eab00000,0x00000000ec300000,0x00000000ec300000)
  from space 3584K, 99% used [0x00000000ec300000,0x00000000ec67cc98,0x00000000ec680000)
  to   space 3584K, 0% used [0x00000000ede80000,0x00000000ede80000,0x00000000ee200000)
 ParOldGen       total 64512K, used 6764K [0x00000000c0000000, 0x00000000c3f00000, 0x00000000eab00000)
  object space 64512K, 10% used [0x00000000c0000000,0x00000000c069b3b8,0x00000000c3f00000)
 Metaspace       used 6146K, capacity 7088K, committed 7296K, reserved 1056768K
  class space    used 589K, capacity 616K, committed 640K, reserved 1048576K
Event: 3.871 GC heap after
Heap after GC invocations=4 (full 0):
 PSYoungGen      total 52736K, used 3564K [0x00000000eab00000, 0x00000000ee200000, 0x0000000100000000)
  eden space 49152K, 0% used [0x00000000eab00000,0x00000000eab00000,0x00000000edb00000)
  from space 3584K, 99% used [0x00000000ede80000,0x00000000ee1fb328,0x00000000ee200000)
  to   space 3584K, 0% used [0x00000000edb00000,0x00000000edb00000,0x00000000ede80000)
 ParOldGen       total 64512K, used 10697K [0x00000000c0000000, 0x00000000c3f00000, 0x00000000eab00000)
  object space 64512K, 16% used [0x00000000c0000000,0x00000000c0a72578,0x00000000c3f00000)
 Metaspace       used 6146K, capacity 7088K, committed 7296K, reserved 1056768K
  class space    used 589K, capacity 616K, committed 640K, reserved 1048576K
}

Deoptimization events (10 events):
Event: 2.904 Thread 0x00000000025b0800 Uncommon trap: reason=unreached action=reinterpret pc=0x000000000299349c method=com.android.dx.rop.cst.Constant.compareTo(Lcom/android/dx/rop/cst/Constant;)I @ 12
Event: 3.082 Thread 0x00000000025b0800 Uncommon trap: reason=unreached action=reinterpret pc=0x0000000002c7c3a8 method=com.android.dx.ssa.LocalVariableExtractor.processBlock(I)V @ 251
Event: 3.224 Thread 0x00000000169c5800 Uncommon trap: reason=bimorphic action=maybe_recompile pc=0x0000000002c06864 method=com.android.dx.cf.code.BytecodeArray.parseInstruction(ILcom/android/dx/cf/code/BytecodeArray$Visitor;)I @ 2484
Event: 3.224 Thread 0x00000000169c5800 Uncommon trap: reason=bimorphic action=maybe_recompile pc=0x0000000002c06864 method=com.android.dx.cf.code.BytecodeArray.parseInstruction(ILcom/android/dx/cf/code/BytecodeArray$Visitor;)I @ 2484
Event: 3.663 Thread 0x00000000025b0800 Uncommon trap: reason=class_check action=maybe_recompile pc=0x000000000293840c method=com.android.dx.rop.type.Type.equals(Ljava/lang/Object;)Z @ 8
Event: 3.663 Thread 0x00000000025b0800 Uncommon trap: reason=class_check action=maybe_recompile pc=0x000000000293840c method=com.android.dx.rop.type.Type.equals(Ljava/lang/Object;)Z @ 8
Event: 3.663 Thread 0x00000000025b0800 Uncommon trap: reason=class_check action=maybe_recompile pc=0x000000000293840c method=com.android.dx.rop.type.Type.equals(Ljava/lang/Object;)Z @ 8
Event: 3.810 Thread 0x00000000025b0800 Uncommon trap: reason=bimorphic action=maybe_recompile pc=0x0000000002c06a34 method=com.android.dx.cf.code.BytecodeArray.parseInstruction(ILcom/android/dx/cf/code/BytecodeArray$Visitor;)I @ 1501
Event: 3.818 Thread 0x00000000025b0800 Uncommon trap: reason=bimorphic action=maybe_recompile pc=0x0000000002c06a34 method=com.android.dx.cf.code.BytecodeArray.parseInstruction(ILcom/android/dx/cf/code/BytecodeArray$Visitor;)I @ 1501
Event: 3.917 Thread 0x00000000169cd800 Uncommon trap: reason=null_check action=make_not_entrant pc=0x0000000002d174cc method=com.android.dx.ssa.SsaRenamer.getLocalForNewReg(I)Lcom/android/dx/rop/code/LocalItem; @ 19

Internal exceptions (10 events):
Event: 1.934 Thread 0x00000000025b0800 Exception <a 'java/security/PrivilegedActionException'> (0x00000000eab90f28) thrown at [C:\workspace\8-2-build-windows-amd64-cygwin\jdk8u31\2394\hotspot\src\share\vm\prims\jvm.cpp, line 1312]
Event: 1.938 Thread 0x0000000016893800 Exception <a 'java/security/PrivilegedActionException'> (0x00000000eab218e0) thrown at [C:\workspace\8-2-build-windows-amd64-cygwin\jdk8u31\2394\hotspot\src\share\vm\prims\jvm.cpp, line 1312]
Event: 1.942 Thread 0x00000000169c5800 Exception <a 'java/security/PrivilegedActionException'> (0x00000000eabf14a0) thrown at [C:\workspace\8-2-build-windows-amd64-cygwin\jdk8u31\2394\hotspot\src\share\vm\prims\jvm.cpp, line 1312]
Event: 1.973 Thread 0x00000000025b0800 Exception <a 'java/security/PrivilegedActionException'> (0x00000000eabc67c0) thrown at [C:\workspace\8-2-build-windows-amd64-cygwin\jdk8u31\2394\hotspot\src\share\vm\prims\jvm.cpp, line 1312]
Event: 1.974 Thread 0x00000000025b0800 Exception <a 'java/security/PrivilegedActionException'> (0x00000000eabc8ee8) thrown at [C:\workspace\8-2-build-windows-amd64-cygwin\jdk8u31\2394\hotspot\src\share\vm\prims\jvm.cpp, line 1312]
Event: 2.007 Thread 0x0000000016889000 Exception <a 'java/security/PrivilegedActionException'> (0x00000000eae23298) thrown at [C:\workspace\8-2-build-windows-amd64-cygwin\jdk8u31\2394\hotspot\src\share\vm\prims\jvm.cpp, line 1312]
Event: 2.196 Thread 0x0000000016889000 Exception <a 'java/security/PrivilegedActionException'> (0x00000000eb0352a0) thrown at [C:\workspace\8-2-build-windows-amd64-cygwin\jdk8u31\2394\hotspot\src\share\vm\prims\jvm.cpp, line 1312]
Event: 2.265 Thread 0x00000000169c5800 Implicit null exception at 0x00000000029baee2 to 0x00000000029bafe1
Event: 2.274 Thread 0x0000000016893800 Exception <a 'java/security/PrivilegedActionException'> (0x00000000eb6f1098) thrown at [C:\workspace\8-2-build-windows-amd64-cygwin\jdk8u31\2394\hotspot\src\share\vm\prims\jvm.cpp, line 1312]
Event: 3.917 Thread 0x00000000169cd800 Implicit null exception at 0x0000000002d14e0d to 0x0000000002d174bd

Events (10 events):
Event: 3.818 Thread 0x00000000025b0800 Uncommon trap: trap_request=0xffffffc6 fr.pc=0x0000000002c06a34
Event: 3.818 Thread 0x00000000025b0800 DEOPT PACKING pc=0x0000000002c06a34 sp=0x000000000223dd30
Event: 3.818 Thread 0x00000000025b0800 DEOPT UNPACKING pc=0x00000000026f556a sp=0x000000000223dcd0 mode 2
Event: 3.840 Executing VM operation: ParallelGCFailedAllocation
Event: 3.871 Executing VM operation: ParallelGCFailedAllocation done
Event: 3.889 Thread 0x00000000025b0800 DEOPT PACKING pc=0x0000000002a82141 sp=0x000000000223e0a0
Event: 3.889 Thread 0x00000000025b0800 DEOPT UNPACKING pc=0x00000000026f75bf sp=0x000000000223ded0 mode 0
Event: 3.917 Thread 0x00000000169cd800 Uncommon trap: trap_request=0xfffffff4 fr.pc=0x0000000002d174cc
Event: 3.917 Thread 0x00000000169cd800 DEOPT PACKING pc=0x0000000002d174cc sp=0x00000000177ce7c0
Event: 3.917 Thread 0x00000000169cd800 DEOPT UNPACKING pc=0x00000000026f556a sp=0x00000000177ce570 mode 2


Dynamic libraries:
0x000007f6b8260000 - 0x000007f6b8294000 	C:\Program Files\Java\jdk1.8.0_31\bin\java.exe
0x000007f993640000 - 0x000007f9937fe000 	C:\Windows\SYSTEM32\ntdll.dll
0x000007f9930c0000 - 0x000007f9931f6000 	C:\Windows\system32\KERNEL32.DLL
0x000007f990670000 - 0x000007f990763000 	C:\Windows\system32\KERNELBASE.dll
0x000007f991400000 - 0x000007f9914de000 	C:\Windows\system32\ADVAPI32.dll
0x000007f992840000 - 0x000007f99298c000 	C:\Windows\system32\USER32.dll
0x000007f98e3d0000 - 0x000007f98e639000 	C:\Windows\WinSxS\amd64_microsoft.windows.common-controls_6595b64144ccf1df_6.0.9200.16384_none_418c2a697189c07f\COMCTL32.dll
0x000007f993590000 - 0x000007f993635000 	C:\Windows\system32\msvcrt.dll
0x000007f993530000 - 0x000007f993578000 	C:\Windows\SYSTEM32\sechost.dll
0x000007f992b30000 - 0x000007f992c70000 	C:\Windows\system32\RPCRT4.dll
0x000007f990fc0000 - 0x000007f991100000 	C:\Windows\system32\GDI32.dll
0x000007f9927d0000 - 0x000007f992809000 	C:\Windows\system32\IMM32.DLL
0x000007f990cb0000 - 0x000007f990dc4000 	C:\Windows\system32\MSCTF.dll
0x0000000052bb0000 - 0x0000000052c82000 	C:\Program Files\Java\jdk1.8.0_31\jre\bin\msvcr100.dll
0x0000000051bf0000 - 0x000000005244a000 	C:\Program Files\Java\jdk1.8.0_31\jre\bin\server\jvm.dll
0x000007f98bb50000 - 0x000007f98bb59000 	C:\Windows\SYSTEM32\WSOCK32.dll
0x000007f988c80000 - 0x000007f988ca0000 	C:\Windows\SYSTEM32\WINMM.dll
0x000007f992830000 - 0x000007f992837000 	C:\Windows\system32\PSAPI.DLL
0x000007f991330000 - 0x000007f991388000 	C:\Windows\system32\WS2_32.dll
0x000007f988c40000 - 0x000007f988c72000 	C:\Windows\SYSTEM32\WINMMBASE.dll
0x000007f993580000 - 0x000007f993589000 	C:\Windows\system32\NSI.dll
0x0000000052ba0000 - 0x0000000052baf000 	C:\Program Files\Java\jdk1.8.0_31\jre\bin\verify.dll
0x0000000052b70000 - 0x0000000052b98000 	C:\Program Files\Java\jdk1.8.0_31\jre\bin\java.dll
0x0000000052b50000 - 0x0000000052b66000 	C:\Program Files\Java\jdk1.8.0_31\jre\bin\zip.dll
0x000007f9914e0000 - 0x000007f9927c5000 	C:\Windows\system32\SHELL32.dll
0x000007f990ab0000 - 0x000007f990c60000 	C:\Windows\SYSTEM32\combase.dll
0x000007f990c60000 - 0x000007f990cb0000 	C:\Windows\system32\SHLWAPI.dll
0x000007f98e830000 - 0x000007f98e8c6000 	C:\Windows\SYSTEM32\SHCORE.dll
0x000007f990570000 - 0x000007f990585000 	C:\Windows\SYSTEM32\profapi.dll

VM Arguments:
jvm_args: -Djava.awt.headless=true -Xmx1024M -Dfile.encoding=windows-1252 -Duser.country=BR -Duser.language=pt -Duser.variant 
java_command: com.android.dx.command.Main --dex --force-jumbo --num-threads=4 --multi-dex --output C:\Users\Anderson\AndroidStudioProjects\FilaDeAtendimentoAndroid\app\build\intermediates\transforms\dex\debug\folders\1000\10\com.android.support-support-v4-23.4.0_6f2ab91db15b7bdb37063cd43890dbe6fabbadb4 C:\Users\Anderson\AndroidStudioProjects\FilaDeAtendimentoAndroid\app\build\intermediates\exploded-aar\com.android.support\support-v4\23.4.0\jars\classes.jar
java_class_path (initial): C:\Users\Anderson\AppData\Local\Android\sdk\build-tools\24.0.1\lib\dx.jar
Launcher Type: SUN_STANDARD

Environment Variables:
PATH=C:\Windows\System32;C:\Program Files (x86)\nodejs\;C:\Windows\system32\config\systemprofile\.dnx\bin;C:\Program Files\Microsoft DNX\Dnvm\;C:\Program Files (x86)\Windows Kits\8.1\Windows Performance Toolkit\;C:\Program Files\Microsoft SQL Server\130\Tools\Binn\;C:\Go\bin;C:\Program Files\swipl\bin;C:\Users\Anderson\AppData\Local\Programs\Python\Python35-32\Scripts\;C:\Users\Anderson\AppData\Local\Programs\Python\Python35-32\;C:\Program Files (x86)\Java\jre7\bin;C:\Users\Anderson\AppData\Roaming\npm
USERNAME=Anderson
OS=Windows_NT
PROCESSOR_IDENTIFIER=Intel64 Family 6 Model 58 Stepping 9, GenuineIntel



---------------  S Y S T E M  ---------------

OS: Windows 8 , 64 bit Build 9200 

CPU:total 4 (2 cores per cpu, 2 threads per core) family 6 model 58 stepping 9, cmov, cx8, fxsr, mmx, sse, sse2, sse3, ssse3, sse4.1, sse4.2, popcnt, avx, aes, clmul, erms, ht, tsc, tscinvbit, tscinv

Memory: 4k page, physical 6102292k(997084k free), swap 6102292k(4236k free)

vm_info: Java HotSpot(TM) 64-Bit Server VM (25.31-b07) for windows-amd64 JRE (1.8.0_31-b13), built on Dec 17 2014 21:00:28 by "java_re" with MS VC++ 10.0 (VS2010)

time: Fri Sep 02 16:40:02 2016
elapsed time: 4 seconds (0d 0h 0m 4s)

